#
# There is insufficient memory for the Java Runtime Environment to continue.
# Native memory allocation (malloc) failed to allocate 32744 bytes for ChunkPool::allocate
# Possible reasons:
#   The system is out of physical RAM or swap space
#   The process is running with CompressedOops enabled, and the Java Heap may be blocking the growth of the native heap
# Possible solutions:
#   Reduce memory load on the system
#   Increase physical memory or swap space
#   Check if swap backing store is full
#   Decrease Java heap size (-Xmx/-Xms)
#   Decrease number of Java threads
#   Decrease Java thread stack sizes (-Xss)
#   Set larger code cache with -XX:ReservedCodeCacheSize=
#   JVM is running with Zero Based Compressed Oops mode in which the Java heap is
#     placed in the first 32GB address space. The Java Heap base address is the
#     maximum limit for the native heap growth. Please use -XX:HeapBaseMinAddress
#     to set the Java Heap base and to place the Java Heap above 32GB virtual address.
# This output file may be truncated or incomplete.
#
#  Out of Memory Error (./src/hotspot/share/memory/arena.cpp:81), pid=8248, tid=11784
#
# JRE version: OpenJDK Runtime Environment (11.0.13) (build 11.0.13+0-b1751.21-8125866)
# Java VM: OpenJDK 64-Bit Server VM (11.0.13+0-b1751.21-8125866, mixed mode, tiered, compressed oops, g1 gc, windows-amd64)
# No core dump will be written. Minidumps are not enabled by default on client versions of Windows
#

---------------  S U M M A R Y ------------

Command Line: org.jetbrains.kotlin.cli.jvm.K2JVMCompiler @C:\www\cotuca.unicamp.br\semesters\fourth\ds\mobile-mars\marte\app\build\20221204_1316245971416388013.compiler.options

Host: AMD Ryzen 5 5600G with Radeon Graphics         , 12 cores, 13G,  Windows 11 , 64 bit Build 22000 (10.0.22000.1219)
Time: Sun Dec  4 11:49:20 2022 E. South America Standard Time elapsed time: 0.328257 seconds (0d 0h 0m 0s)

---------------  T H R E A D  ---------------

Current thread (0x000002c4ffbbf000):  JavaThread "C2 CompilerThread0" daemon [_thread_in_native, id=11784, stack(0x000000e2f9800000,0x000000e2f9900000)]


Current CompileTask:
C2:    328  652       4       java.lang.StringLatin1::indexOf (121 bytes)

Stack: [0x000000e2f9800000,0x000000e2f9900000]
Native frames: (J=compiled Java code, j=interpreted, Vv=VM code, C=native code)
V  [jvm.dll+0x6100fa]
V  [jvm.dll+0x747090]
V  [jvm.dll+0x7486ad]
V  [jvm.dll+0x748d83]
V  [jvm.dll+0x24ab48]
V  [jvm.dll+0xc075b]
V  [jvm.dll+0xc0a0c]
V  [jvm.dll+0x2b48d4]
V  [jvm.dll+0x718646]
V  [jvm.dll+0x202798]
V  [jvm.dll+0x201def]
V  [jvm.dll+0x188e01]
V  [jvm.dll+0x21106b]
V  [jvm.dll+0x20f8c1]
V  [jvm.dll+0x70de0f]
V  [jvm.dll+0x706a75]
V  [jvm.dll+0x60ed66]
C  [ucrtbase.dll+0x26c0c]
C  [KERNEL32.DLL+0x15550]
C  [ntdll.dll+0x485b]


---------------  P R O C E S S  ---------------

Threads class SMR info:
_java_thread_list=0x000002c4ffd61f20, length=12, elements={
0x000002c4e18ee000, 0x000002c4ffb96000, 0x000002c4ffb97000, 0x000002c4ffbb9800,
0x000002c4ffbba800, 0x000002c4ffbbd800, 0x000002c4ffbbf000, 0x000002c4ffc07800,
0x000002c4ffc12000, 0x000002c4ffd68000, 0x000002c4ffd67000, 0x000002c4ffd64800
}

Java Threads: ( => current thread )
  0x000002c4e18ee000 JavaThread "main" [_thread_in_vm, id=8208, stack(0x000000e2f8c00000,0x000000e2f8d00000)]
  0x000002c4ffb96000 JavaThread "Reference Handler" daemon [_thread_blocked, id=9236, stack(0x000000e2f9300000,0x000000e2f9400000)]
  0x000002c4ffb97000 JavaThread "Finalizer" daemon [_thread_blocked, id=6336, stack(0x000000e2f9400000,0x000000e2f9500000)]
  0x000002c4ffbb9800 JavaThread "Signal Dispatcher" daemon [_thread_blocked, id=2520, stack(0x000000e2f9500000,0x000000e2f9600000)]
  0x000002c4ffbba800 JavaThread "Attach Listener" daemon [_thread_blocked, id=5348, stack(0x000000e2f9600000,0x000000e2f9700000)]
  0x000002c4ffbbd800 JavaThread "Service Thread" daemon [_thread_blocked, id=11748, stack(0x000000e2f9700000,0x000000e2f9800000)]
=>0x000002c4ffbbf000 JavaThread "C2 CompilerThread0" daemon [_thread_in_native, id=11784, stack(0x000000e2f9800000,0x000000e2f9900000)]
  0x000002c4ffc07800 JavaThread "C1 CompilerThread0" daemon [_thread_blocked, id=6584, stack(0x000000e2f9900000,0x000000e2f9a00000)]
  0x000002c4ffc12000 JavaThread "Sweeper thread" daemon [_thread_blocked, id=3368, stack(0x000000e2f9a00000,0x000000e2f9b00000)]
  0x000002c4ffd68000 JavaThread "Common-Cleaner" daemon [_thread_blocked, id=3248, stack(0x000000e2f9c00000,0x000000e2f9d00000)]
  0x000002c4ffd67000 JavaThread "C2 CompilerThread1" daemon [_thread_blocked, id=4080, stack(0x000000e2f9d00000,0x000000e2f9e00000)]
  0x000002c4ffd64800 JavaThread "C2 CompilerThread2" daemon [_thread_blocked, id=11384, stack(0x000000e2f9e00000,0x000000e2f9f00000)]

Other Threads:
  0x000002c4ffb72000 VMThread "VM Thread" [stack: 0x000000e2f9200000,0x000000e2f9300000] [id=2260]
  0x000002c4ffd5f800 WatcherThread [stack: 0x000000e2f9b00000,0x000000e2f9c00000] [id=7436]
  0x000002c4e1905800 GCTaskThread "GC Thread#0" [stack: 0x000000e2f8d00000,0x000000e2f8e00000] [id=3604]
  0x000002c4e1957000 ConcurrentGCThread "G1 Main Marker" [stack: 0x000000e2f8e00000,0x000000e2f8f00000] [id=10148]
  0x000002c4e195a000 ConcurrentGCThread "G1 Conc#0" [stack: 0x000000e2f8f00000,0x000000e2f9000000] [id=1980]
  0x000002c4ff9d0800 ConcurrentGCThread "G1 Refine#0" [stack: 0x000000e2f9000000,0x000000e2f9100000] [id=2472]
  0x000002c4ff9d3800 ConcurrentGCThread "G1 Young RemSet Sampling" [stack: 0x000000e2f9100000,0x000000e2f9200000] [id=4816]

Threads with active compile tasks:
C2 CompilerThread0    334  652       4       java.lang.StringLatin1::indexOf (121 bytes)

VM state:not at safepoint (normal execution)

VM Mutex/Monitor currently owned by a thread: None

Heap address: 0x0000000721a00000, size: 3558 MB, Compressed Oops mode: Zero based, Oop shift amount: 3
Narrow klass base: 0x0000000800000000, Narrow klass shift: 0
Compressed class space size: 1073741824 Address: 0x0000000800000000

Heap:
 garbage-first heap   total 229376K, used 26624K [0x0000000721a00000, 0x0000000800000000)
  region size 1024K, 24 young (24576K), 0 survivors (0K)
 Metaspace       used 11880K, capacity 11986K, committed 12160K, reserved 1064960K
  class space    used 1056K, capacity 1077K, committed 1152K, reserved 1048576K
Heap Regions: E=young(eden), S=young(survivor), O=old, HS=humongous(starts), HC=humongous(continues), CS=collection set, F=free, A=archive, TAMS=top-at-mark-start (previous, next)
|   0|0x0000000721a00000, 0x0000000721b00000, 0x0000000721b00000|100%|HS|  |TAMS 0x0000000721a00000, 0x0000000721a00000| Complete 
|   1|0x0000000721b00000, 0x0000000721c00000, 0x0000000721c00000|100%|HC|  |TAMS 0x0000000721b00000, 0x0000000721b00000| Complete 
|   2|0x0000000721c00000, 0x0000000721d00000, 0x0000000721d00000|100%|HC|  |TAMS 0x0000000721c00000, 0x0000000721c00000| Complete 
|   3|0x0000000721d00000, 0x0000000721e00000, 0x0000000721e00000|100%|HS|  |TAMS 0x0000000721d00000, 0x0000000721d00000| Complete 
|   4|0x0000000721e00000, 0x0000000721e00000, 0x0000000721f00000|  0%| F|  |TAMS 0x0000000721e00000, 0x0000000721e00000| Untracked 
|   5|0x0000000721f00000, 0x0000000721f00000, 0x0000000722000000|  0%| F|  |TAMS 0x0000000721f00000, 0x0000000721f00000| Untracked 
|   6|0x0000000722000000, 0x0000000722000000, 0x0000000722100000|  0%| F|  |TAMS 0x0000000722000000, 0x0000000722000000| Untracked 
|   7|0x0000000722100000, 0x0000000722100000, 0x0000000722200000|  0%| F|  |TAMS 0x0000000722100000, 0x0000000722100000| Untracked 
|   8|0x0000000722200000, 0x0000000722200000, 0x0000000722300000|  0%| F|  |TAMS 0x0000000722200000, 0x0000000722200000| Untracked 
|   9|0x0000000722300000, 0x0000000722300000, 0x0000000722400000|  0%| F|  |TAMS 0x0000000722300000, 0x0000000722300000| Untracked 
|  10|0x0000000722400000, 0x0000000722400000, 0x0000000722500000|  0%| F|  |TAMS 0x0000000722400000, 0x0000000722400000| Untracked 
|  11|0x0000000722500000, 0x0000000722500000, 0x0000000722600000|  0%| F|  |TAMS 0x0000000722500000, 0x0000000722500000| Untracked 
|  12|0x0000000722600000, 0x0000000722600000, 0x0000000722700000|  0%| F|  |TAMS 0x0000000722600000, 0x0000000722600000| Untracked 
|  13|0x0000000722700000, 0x0000000722700000, 0x0000000722800000|  0%| F|  |TAMS 0x0000000722700000, 0x0000000722700000| Untracked 
|  14|0x0000000722800000, 0x0000000722800000, 0x0000000722900000|  0%| F|  |TAMS 0x0000000722800000, 0x0000000722800000| Untracked 
|  15|0x0000000722900000, 0x0000000722900000, 0x0000000722a00000|  0%| F|  |TAMS 0x0000000722900000, 0x0000000722900000| Untracked 
|  16|0x0000000722a00000, 0x0000000722a00000, 0x0000000722b00000|  0%| F|  |TAMS 0x0000000722a00000, 0x0000000722a00000| Untracked 
|  17|0x0000000722b00000, 0x0000000722b00000, 0x0000000722c00000|  0%| F|  |TAMS 0x0000000722b00000, 0x0000000722b00000| Untracked 
|  18|0x0000000722c00000, 0x0000000722c00000, 0x0000000722d00000|  0%| F|  |TAMS 0x0000000722c00000, 0x0000000722c00000| Untracked 
|  19|0x0000000722d00000, 0x0000000722d00000, 0x0000000722e00000|  0%| F|  |TAMS 0x0000000722d00000, 0x0000000722d00000| Untracked 
|  20|0x0000000722e00000, 0x0000000722e00000, 0x0000000722f00000|  0%| F|  |TAMS 0x0000000722e00000, 0x0000000722e00000| Untracked 
|  21|0x0000000722f00000, 0x0000000722f00000, 0x0000000723000000|  0%| F|  |TAMS 0x0000000722f00000, 0x0000000722f00000| Untracked 
|  22|0x0000000723000000, 0x0000000723000000, 0x0000000723100000|  0%| F|  |TAMS 0x0000000723000000, 0x0000000723000000| Untracked 
|  23|0x0000000723100000, 0x0000000723100000, 0x0000000723200000|  0%| F|  |TAMS 0x0000000723100000, 0x0000000723100000| Untracked 
|  24|0x0000000723200000, 0x0000000723200000, 0x0000000723300000|  0%| F|  |TAMS 0x0000000723200000, 0x0000000723200000| Untracked 
|  25|0x0000000723300000, 0x0000000723300000, 0x0000000723400000|  0%| F|  |TAMS 0x0000000723300000, 0x0000000723300000| Untracked 
|  26|0x0000000723400000, 0x0000000723400000, 0x0000000723500000|  0%| F|  |TAMS 0x0000000723400000, 0x0000000723400000| Untracked 
|  27|0x0000000723500000, 0x0000000723500000, 0x0000000723600000|  0%| F|  |TAMS 0x0000000723500000, 0x0000000723500000| Untracked 
|  28|0x0000000723600000, 0x0000000723600000, 0x0000000723700000|  0%| F|  |TAMS 0x0000000723600000, 0x0000000723600000| Untracked 
|  29|0x0000000723700000, 0x0000000723700000, 0x0000000723800000|  0%| F|  |TAMS 0x0000000723700000, 0x0000000723700000| Untracked 
|  30|0x0000000723800000, 0x0000000723800000, 0x0000000723900000|  0%| F|  |TAMS 0x0000000723800000, 0x0000000723800000| Untracked 
|  31|0x0000000723900000, 0x0000000723900000, 0x0000000723a00000|  0%| F|  |TAMS 0x0000000723900000, 0x0000000723900000| Untracked 
|  32|0x0000000723a00000, 0x0000000723a00000, 0x0000000723b00000|  0%| F|  |TAMS 0x0000000723a00000, 0x0000000723a00000| Untracked 
|  33|0x0000000723b00000, 0x0000000723b00000, 0x0000000723c00000|  0%| F|  |TAMS 0x0000000723b00000, 0x0000000723b00000| Untracked 
|  34|0x0000000723c00000, 0x0000000723c00000, 0x0000000723d00000|  0%| F|  |TAMS 0x0000000723c00000, 0x0000000723c00000| Untracked 
|  35|0x0000000723d00000, 0x0000000723d00000, 0x0000000723e00000|  0%| F|  |TAMS 0x0000000723d00000, 0x0000000723d00000| Untracked 
|  36|0x0000000723e00000, 0x0000000723e00000, 0x0000000723f00000|  0%| F|  |TAMS 0x0000000723e00000, 0x0000000723e00000| Untracked 
|  37|0x0000000723f00000, 0x0000000723f00000, 0x0000000724000000|  0%| F|  |TAMS 0x0000000723f00000, 0x0000000723f00000| Untracked 
|  38|0x0000000724000000, 0x0000000724000000, 0x0000000724100000|  0%| F|  |TAMS 0x0000000724000000, 0x0000000724000000| Untracked 
|  39|0x0000000724100000, 0x0000000724100000, 0x0000000724200000|  0%| F|  |TAMS 0x0000000724100000, 0x0000000724100000| Untracked 
|  40|0x0000000724200000, 0x0000000724200000, 0x0000000724300000|  0%| F|  |TAMS 0x0000000724200000, 0x0000000724200000| Untracked 
|  41|0x0000000724300000, 0x0000000724300000, 0x0000000724400000|  0%| F|  |TAMS 0x0000000724300000, 0x0000000724300000| Untracked 
|  42|0x0000000724400000, 0x0000000724400000, 0x0000000724500000|  0%| F|  |TAMS 0x0000000724400000, 0x0000000724400000| Untracked 
|  43|0x0000000724500000, 0x0000000724500000, 0x0000000724600000|  0%| F|  |TAMS 0x0000000724500000, 0x0000000724500000| Untracked 
|  44|0x0000000724600000, 0x0000000724600000, 0x0000000724700000|  0%| F|  |TAMS 0x0000000724600000, 0x0000000724600000| Untracked 
|  45|0x0000000724700000, 0x0000000724700000, 0x0000000724800000|  0%| F|  |TAMS 0x0000000724700000, 0x0000000724700000| Untracked 
|  46|0x0000000724800000, 0x0000000724800000, 0x0000000724900000|  0%| F|  |TAMS 0x0000000724800000, 0x0000000724800000| Untracked 
|  47|0x0000000724900000, 0x0000000724900000, 0x0000000724a00000|  0%| F|  |TAMS 0x0000000724900000, 0x0000000724900000| Untracked 
|  48|0x0000000724a00000, 0x0000000724a00000, 0x0000000724b00000|  0%| F|  |TAMS 0x0000000724a00000, 0x0000000724a00000| Untracked 
|  49|0x0000000724b00000, 0x0000000724b00000, 0x0000000724c00000|  0%| F|  |TAMS 0x0000000724b00000, 0x0000000724b00000| Untracked 
|  50|0x0000000724c00000, 0x0000000724c00000, 0x0000000724d00000|  0%| F|  |TAMS 0x0000000724c00000, 0x0000000724c00000| Untracked 
|  51|0x0000000724d00000, 0x0000000724d00000, 0x0000000724e00000|  0%| F|  |TAMS 0x0000000724d00000, 0x0000000724d00000| Untracked 
|  52|0x0000000724e00000, 0x0000000724e00000, 0x0000000724f00000|  0%| F|  |TAMS 0x0000000724e00000, 0x0000000724e00000| Untracked 
|  53|0x0000000724f00000, 0x0000000724f00000, 0x0000000725000000|  0%| F|  |TAMS 0x0000000724f00000, 0x0000000724f00000| Untracked 
|  54|0x0000000725000000, 0x0000000725000000, 0x0000000725100000|  0%| F|  |TAMS 0x0000000725000000, 0x0000000725000000| Untracked 
|  55|0x0000000725100000, 0x0000000725100000, 0x0000000725200000|  0%| F|  |TAMS 0x0000000725100000, 0x0000000725100000| Untracked 
|  56|0x0000000725200000, 0x0000000725200000, 0x0000000725300000|  0%| F|  |TAMS 0x0000000725200000, 0x0000000725200000| Untracked 
|  57|0x0000000725300000, 0x0000000725300000, 0x0000000725400000|  0%| F|  |TAMS 0x0000000725300000, 0x0000000725300000| Untracked 
|  58|0x0000000725400000, 0x0000000725400000, 0x0000000725500000|  0%| F|  |TAMS 0x0000000725400000, 0x0000000725400000| Untracked 
|  59|0x0000000725500000, 0x0000000725500000, 0x0000000725600000|  0%| F|  |TAMS 0x0000000725500000, 0x0000000725500000| Untracked 
|  60|0x0000000725600000, 0x0000000725600000, 0x0000000725700000|  0%| F|  |TAMS 0x0000000725600000, 0x0000000725600000| Untracked 
|  61|0x0000000725700000, 0x0000000725700000, 0x0000000725800000|  0%| F|  |TAMS 0x0000000725700000, 0x0000000725700000| Untracked 
|  62|0x0000000725800000, 0x0000000725800000, 0x0000000725900000|  0%| F|  |TAMS 0x0000000725800000, 0x0000000725800000| Untracked 
|  63|0x0000000725900000, 0x0000000725900000, 0x0000000725a00000|  0%| F|  |TAMS 0x0000000725900000, 0x0000000725900000| Untracked 
|  64|0x0000000725a00000, 0x0000000725a00000, 0x0000000725b00000|  0%| F|  |TAMS 0x0000000725a00000, 0x0000000725a00000| Untracked 
|  65|0x0000000725b00000, 0x0000000725b00000, 0x0000000725c00000|  0%| F|  |TAMS 0x0000000725b00000, 0x0000000725b00000| Untracked 
|  66|0x0000000725c00000, 0x0000000725c00000, 0x0000000725d00000|  0%| F|  |TAMS 0x0000000725c00000, 0x0000000725c00000| Untracked 
|  67|0x0000000725d00000, 0x0000000725d00000, 0x0000000725e00000|  0%| F|  |TAMS 0x0000000725d00000, 0x0000000725d00000| Untracked 
|  68|0x0000000725e00000, 0x0000000725e00000, 0x0000000725f00000|  0%| F|  |TAMS 0x0000000725e00000, 0x0000000725e00000| Untracked 
|  69|0x0000000725f00000, 0x0000000725f00000, 0x0000000726000000|  0%| F|  |TAMS 0x0000000725f00000, 0x0000000725f00000| Untracked 
|  70|0x0000000726000000, 0x0000000726000000, 0x0000000726100000|  0%| F|  |TAMS 0x0000000726000000, 0x0000000726000000| Untracked 
|  71|0x0000000726100000, 0x0000000726100000, 0x0000000726200000|  0%| F|  |TAMS 0x0000000726100000, 0x0000000726100000| Untracked 
|  72|0x0000000726200000, 0x0000000726200000, 0x0000000726300000|  0%| F|  |TAMS 0x0000000726200000, 0x0000000726200000| Untracked 
|  73|0x0000000726300000, 0x0000000726300000, 0x0000000726400000|  0%| F|  |TAMS 0x0000000726300000, 0x0000000726300000| Untracked 
|  74|0x0000000726400000, 0x0000000726400000, 0x0000000726500000|  0%| F|  |TAMS 0x0000000726400000, 0x0000000726400000| Untracked 
|  75|0x0000000726500000, 0x0000000726500000, 0x0000000726600000|  0%| F|  |TAMS 0x0000000726500000, 0x0000000726500000| Untracked 
|  76|0x0000000726600000, 0x0000000726600000, 0x0000000726700000|  0%| F|  |TAMS 0x0000000726600000, 0x0000000726600000| Untracked 
|  77|0x0000000726700000, 0x0000000726700000, 0x0000000726800000|  0%| F|  |TAMS 0x0000000726700000, 0x0000000726700000| Untracked 
|  78|0x0000000726800000, 0x0000000726800000, 0x0000000726900000|  0%| F|  |TAMS 0x0000000726800000, 0x0000000726800000| Untracked 
|  79|0x0000000726900000, 0x0000000726900000, 0x0000000726a00000|  0%| F|  |TAMS 0x0000000726900000, 0x0000000726900000| Untracked 
|  80|0x0000000726a00000, 0x0000000726a00000, 0x0000000726b00000|  0%| F|  |TAMS 0x0000000726a00000, 0x0000000726a00000| Untracked 
|  81|0x0000000726b00000, 0x0000000726b00000, 0x0000000726c00000|  0%| F|  |TAMS 0x0000000726b00000, 0x0000000726b00000| Untracked 
|  82|0x0000000726c00000, 0x0000000726c00000, 0x0000000726d00000|  0%| F|  |TAMS 0x0000000726c00000, 0x0000000726c00000| Untracked 
|  83|0x0000000726d00000, 0x0000000726d00000, 0x0000000726e00000|  0%| F|  |TAMS 0x0000000726d00000, 0x0000000726d00000| Untracked 
|  84|0x0000000726e00000, 0x0000000726e00000, 0x0000000726f00000|  0%| F|  |TAMS 0x0000000726e00000, 0x0000000726e00000| Untracked 
|  85|0x0000000726f00000, 0x0000000726f00000, 0x0000000727000000|  0%| F|  |TAMS 0x0000000726f00000, 0x0000000726f00000| Untracked 
|  86|0x0000000727000000, 0x0000000727000000, 0x0000000727100000|  0%| F|  |TAMS 0x0000000727000000, 0x0000000727000000| Untracked 
|  87|0x0000000727100000, 0x0000000727100000, 0x0000000727200000|  0%| F|  |TAMS 0x0000000727100000, 0x0000000727100000| Untracked 
|  88|0x0000000727200000, 0x0000000727200000, 0x0000000727300000|  0%| F|  |TAMS 0x0000000727200000, 0x0000000727200000| Untracked 
|  89|0x0000000727300000, 0x0000000727300000, 0x0000000727400000|  0%| F|  |TAMS 0x0000000727300000, 0x0000000727300000| Untracked 
|  90|0x0000000727400000, 0x0000000727400000, 0x0000000727500000|  0%| F|  |TAMS 0x0000000727400000, 0x0000000727400000| Untracked 
|  91|0x0000000727500000, 0x0000000727500000, 0x0000000727600000|  0%| F|  |TAMS 0x0000000727500000, 0x0000000727500000| Untracked 
|  92|0x0000000727600000, 0x0000000727600000, 0x0000000727700000|  0%| F|  |TAMS 0x0000000727600000, 0x0000000727600000| Untracked 
|  93|0x0000000727700000, 0x0000000727700000, 0x0000000727800000|  0%| F|  |TAMS 0x0000000727700000, 0x0000000727700000| Untracked 
|  94|0x0000000727800000, 0x0000000727800000, 0x0000000727900000|  0%| F|  |TAMS 0x0000000727800000, 0x0000000727800000| Untracked 
|  95|0x0000000727900000, 0x0000000727900000, 0x0000000727a00000|  0%| F|  |TAMS 0x0000000727900000, 0x0000000727900000| Untracked 
|  96|0x0000000727a00000, 0x0000000727a00000, 0x0000000727b00000|  0%| F|  |TAMS 0x0000000727a00000, 0x0000000727a00000| Untracked 
|  97|0x0000000727b00000, 0x0000000727b00000, 0x0000000727c00000|  0%| F|  |TAMS 0x0000000727b00000, 0x0000000727b00000| Untracked 
|  98|0x0000000727c00000, 0x0000000727c00000, 0x0000000727d00000|  0%| F|  |TAMS 0x0000000727c00000, 0x0000000727c00000| Untracked 
|  99|0x0000000727d00000, 0x0000000727d00000, 0x0000000727e00000|  0%| F|  |TAMS 0x0000000727d00000, 0x0000000727d00000| Untracked 
| 100|0x0000000727e00000, 0x0000000727e00000, 0x0000000727f00000|  0%| F|  |TAMS 0x0000000727e00000, 0x0000000727e00000| Untracked 
| 101|0x0000000727f00000, 0x0000000727f00000, 0x0000000728000000|  0%| F|  |TAMS 0x0000000727f00000, 0x0000000727f00000| Untracked 
| 102|0x0000000728000000, 0x0000000728000000, 0x0000000728100000|  0%| F|  |TAMS 0x0000000728000000, 0x0000000728000000| Untracked 
| 103|0x0000000728100000, 0x0000000728100000, 0x0000000728200000|  0%| F|  |TAMS 0x0000000728100000, 0x0000000728100000| Untracked 
| 104|0x0000000728200000, 0x0000000728200000, 0x0000000728300000|  0%| F|  |TAMS 0x0000000728200000, 0x0000000728200000| Untracked 
| 105|0x0000000728300000, 0x0000000728300000, 0x0000000728400000|  0%| F|  |TAMS 0x0000000728300000, 0x0000000728300000| Untracked 
| 106|0x0000000728400000, 0x0000000728400000, 0x0000000728500000|  0%| F|  |TAMS 0x0000000728400000, 0x0000000728400000| Untracked 
| 107|0x0000000728500000, 0x0000000728500000, 0x0000000728600000|  0%| F|  |TAMS 0x0000000728500000, 0x0000000728500000| Untracked 
| 108|0x0000000728600000, 0x0000000728600000, 0x0000000728700000|  0%| F|  |TAMS 0x0000000728600000, 0x0000000728600000| Untracked 
| 109|0x0000000728700000, 0x0000000728700000, 0x0000000728800000|  0%| F|  |TAMS 0x0000000728700000, 0x0000000728700000| Untracked 
| 110|0x0000000728800000, 0x0000000728800000, 0x0000000728900000|  0%| F|  |TAMS 0x0000000728800000, 0x0000000728800000| Untracked 
| 111|0x0000000728900000, 0x0000000728900000, 0x0000000728a00000|  0%| F|  |TAMS 0x0000000728900000, 0x0000000728900000| Untracked 
| 112|0x0000000728a00000, 0x0000000728a00000, 0x0000000728b00000|  0%| F|  |TAMS 0x0000000728a00000, 0x0000000728a00000| Untracked 
| 113|0x0000000728b00000, 0x0000000728b00000, 0x0000000728c00000|  0%| F|  |TAMS 0x0000000728b00000, 0x0000000728b00000| Untracked 
| 114|0x0000000728c00000, 0x0000000728c00000, 0x0000000728d00000|  0%| F|  |TAMS 0x0000000728c00000, 0x0000000728c00000| Untracked 
| 115|0x0000000728d00000, 0x0000000728d00000, 0x0000000728e00000|  0%| F|  |TAMS 0x0000000728d00000, 0x0000000728d00000| Untracked 
| 116|0x0000000728e00000, 0x0000000728e00000, 0x0000000728f00000|  0%| F|  |TAMS 0x0000000728e00000, 0x0000000728e00000| Untracked 
| 117|0x0000000728f00000, 0x0000000728f00000, 0x0000000729000000|  0%| F|  |TAMS 0x0000000728f00000, 0x0000000728f00000| Untracked 
| 118|0x0000000729000000, 0x0000000729000000, 0x0000000729100000|  0%| F|  |TAMS 0x0000000729000000, 0x0000000729000000| Untracked 
| 119|0x0000000729100000, 0x0000000729100000, 0x0000000729200000|  0%| F|  |TAMS 0x0000000729100000, 0x0000000729100000| Untracked 
| 120|0x0000000729200000, 0x0000000729200000, 0x0000000729300000|  0%| F|  |TAMS 0x0000000729200000, 0x0000000729200000| Untracked 
| 121|0x0000000729300000, 0x0000000729300000, 0x0000000729400000|  0%| F|  |TAMS 0x0000000729300000, 0x0000000729300000| Untracked 
| 122|0x0000000729400000, 0x0000000729400000, 0x0000000729500000|  0%| F|  |TAMS 0x0000000729400000, 0x0000000729400000| Untracked 
| 123|0x0000000729500000, 0x0000000729500000, 0x0000000729600000|  0%| F|  |TAMS 0x0000000729500000, 0x0000000729500000| Untracked 
| 124|0x0000000729600000, 0x0000000729600000, 0x0000000729700000|  0%| F|  |TAMS 0x0000000729600000, 0x0000000729600000| Untracked 
| 125|0x0000000729700000, 0x0000000729700000, 0x0000000729800000|  0%| F|  |TAMS 0x0000000729700000, 0x0000000729700000| Untracked 
| 126|0x0000000729800000, 0x0000000729800000, 0x0000000729900000|  0%| F|  |TAMS 0x0000000729800000, 0x0000000729800000| Untracked 
| 127|0x0000000729900000, 0x0000000729900000, 0x0000000729a00000|  0%| F|  |TAMS 0x0000000729900000, 0x0000000729900000| Untracked 
| 128|0x0000000729a00000, 0x0000000729a00000, 0x0000000729b00000|  0%| F|  |TAMS 0x0000000729a00000, 0x0000000729a00000| Untracked 
| 129|0x0000000729b00000, 0x0000000729b00000, 0x0000000729c00000|  0%| F|  |TAMS 0x0000000729b00000, 0x0000000729b00000| Untracked 
| 130|0x0000000729c00000, 0x0000000729c00000, 0x0000000729d00000|  0%| F|  |TAMS 0x0000000729c00000, 0x0000000729c00000| Untracked 
| 131|0x0000000729d00000, 0x0000000729d00000, 0x0000000729e00000|  0%| F|  |TAMS 0x0000000729d00000, 0x0000000729d00000| Untracked 
| 132|0x0000000729e00000, 0x0000000729e00000, 0x0000000729f00000|  0%| F|  |TAMS 0x0000000729e00000, 0x0000000729e00000| Untracked 
| 133|0x0000000729f00000, 0x0000000729f00000, 0x000000072a000000|  0%| F|  |TAMS 0x0000000729f00000, 0x0000000729f00000| Untracked 
| 134|0x000000072a000000, 0x000000072a000000, 0x000000072a100000|  0%| F|  |TAMS 0x000000072a000000, 0x000000072a000000| Untracked 
| 135|0x000000072a100000, 0x000000072a100000, 0x000000072a200000|  0%| F|  |TAMS 0x000000072a100000, 0x000000072a100000| Untracked 
| 136|0x000000072a200000, 0x000000072a200000, 0x000000072a300000|  0%| F|  |TAMS 0x000000072a200000, 0x000000072a200000| Untracked 
| 137|0x000000072a300000, 0x000000072a300000, 0x000000072a400000|  0%| F|  |TAMS 0x000000072a300000, 0x000000072a300000| Untracked 
| 138|0x000000072a400000, 0x000000072a400000, 0x000000072a500000|  0%| F|  |TAMS 0x000000072a400000, 0x000000072a400000| Untracked 
| 139|0x000000072a500000, 0x000000072a500000, 0x000000072a600000|  0%| F|  |TAMS 0x000000072a500000, 0x000000072a500000| Untracked 
| 140|0x000000072a600000, 0x000000072a600000, 0x000000072a700000|  0%| F|  |TAMS 0x000000072a600000, 0x000000072a600000| Untracked 
| 141|0x000000072a700000, 0x000000072a700000, 0x000000072a800000|  0%| F|  |TAMS 0x000000072a700000, 0x000000072a700000| Untracked 
| 142|0x000000072a800000, 0x000000072a800000, 0x000000072a900000|  0%| F|  |TAMS 0x000000072a800000, 0x000000072a800000| Untracked 
| 143|0x000000072a900000, 0x000000072a900000, 0x000000072aa00000|  0%| F|  |TAMS 0x000000072a900000, 0x000000072a900000| Untracked 
| 144|0x000000072aa00000, 0x000000072aa00000, 0x000000072ab00000|  0%| F|  |TAMS 0x000000072aa00000, 0x000000072aa00000| Untracked 
| 145|0x000000072ab00000, 0x000000072ab00000, 0x000000072ac00000|  0%| F|  |TAMS 0x000000072ab00000, 0x000000072ab00000| Untracked 
| 146|0x000000072ac00000, 0x000000072ac00000, 0x000000072ad00000|  0%| F|  |TAMS 0x000000072ac00000, 0x000000072ac00000| Untracked 
| 147|0x000000072ad00000, 0x000000072ad00000, 0x000000072ae00000|  0%| F|  |TAMS 0x000000072ad00000, 0x000000072ad00000| Untracked 
| 148|0x000000072ae00000, 0x000000072ae00000, 0x000000072af00000|  0%| F|  |TAMS 0x000000072ae00000, 0x000000072ae00000| Untracked 
| 149|0x000000072af00000, 0x000000072af00000, 0x000000072b000000|  0%| F|  |TAMS 0x000000072af00000, 0x000000072af00000| Untracked 
| 150|0x000000072b000000, 0x000000072b000000, 0x000000072b100000|  0%| F|  |TAMS 0x000000072b000000, 0x000000072b000000| Untracked 
| 151|0x000000072b100000, 0x000000072b100000, 0x000000072b200000|  0%| F|  |TAMS 0x000000072b100000, 0x000000072b100000| Untracked 
| 152|0x000000072b200000, 0x000000072b200000, 0x000000072b300000|  0%| F|  |TAMS 0x000000072b200000, 0x000000072b200000| Untracked 
| 153|0x000000072b300000, 0x000000072b300000, 0x000000072b400000|  0%| F|  |TAMS 0x000000072b300000, 0x000000072b300000| Untracked 
| 154|0x000000072b400000, 0x000000072b400000, 0x000000072b500000|  0%| F|  |TAMS 0x000000072b400000, 0x000000072b400000| Untracked 
| 155|0x000000072b500000, 0x000000072b500000, 0x000000072b600000|  0%| F|  |TAMS 0x000000072b500000, 0x000000072b500000| Untracked 
| 156|0x000000072b600000, 0x000000072b600000, 0x000000072b700000|  0%| F|  |TAMS 0x000000072b600000, 0x000000072b600000| Untracked 
| 157|0x000000072b700000, 0x000000072b700000, 0x000000072b800000|  0%| F|  |TAMS 0x000000072b700000, 0x000000072b700000| Untracked 
| 158|0x000000072b800000, 0x000000072b800000, 0x000000072b900000|  0%| F|  |TAMS 0x000000072b800000, 0x000000072b800000| Untracked 
| 159|0x000000072b900000, 0x000000072b900000, 0x000000072ba00000|  0%| F|  |TAMS 0x000000072b900000, 0x000000072b900000| Untracked 
| 160|0x000000072ba00000, 0x000000072ba00000, 0x000000072bb00000|  0%| F|  |TAMS 0x000000072ba00000, 0x000000072ba00000| Untracked 
| 161|0x000000072bb00000, 0x000000072bb00000, 0x000000072bc00000|  0%| F|  |TAMS 0x000000072bb00000, 0x000000072bb00000| Untracked 
| 162|0x000000072bc00000, 0x000000072bc00000, 0x000000072bd00000|  0%| F|  |TAMS 0x000000072bc00000, 0x000000072bc00000| Untracked 
| 163|0x000000072bd00000, 0x000000072bd00000, 0x000000072be00000|  0%| F|  |TAMS 0x000000072bd00000, 0x000000072bd00000| Untracked 
| 164|0x000000072be00000, 0x000000072be00000, 0x000000072bf00000|  0%| F|  |TAMS 0x000000072be00000, 0x000000072be00000| Untracked 
| 165|0x000000072bf00000, 0x000000072bf00000, 0x000000072c000000|  0%| F|  |TAMS 0x000000072bf00000, 0x000000072bf00000| Untracked 
| 166|0x000000072c000000, 0x000000072c000000, 0x000000072c100000|  0%| F|  |TAMS 0x000000072c000000, 0x000000072c000000| Untracked 
| 167|0x000000072c100000, 0x000000072c100000, 0x000000072c200000|  0%| F|  |TAMS 0x000000072c100000, 0x000000072c100000| Untracked 
| 168|0x000000072c200000, 0x000000072c200000, 0x000000072c300000|  0%| F|  |TAMS 0x000000072c200000, 0x000000072c200000| Untracked 
| 169|0x000000072c300000, 0x000000072c300000, 0x000000072c400000|  0%| F|  |TAMS 0x000000072c300000, 0x000000072c300000| Untracked 
| 170|0x000000072c400000, 0x000000072c400000, 0x000000072c500000|  0%| F|  |TAMS 0x000000072c400000, 0x000000072c400000| Untracked 
| 171|0x000000072c500000, 0x000000072c500000, 0x000000072c600000|  0%| F|  |TAMS 0x000000072c500000, 0x000000072c500000| Untracked 
| 172|0x000000072c600000, 0x000000072c600000, 0x000000072c700000|  0%| F|  |TAMS 0x000000072c600000, 0x000000072c600000| Untracked 
| 173|0x000000072c700000, 0x000000072c700000, 0x000000072c800000|  0%| F|  |TAMS 0x000000072c700000, 0x000000072c700000| Untracked 
| 174|0x000000072c800000, 0x000000072c800000, 0x000000072c900000|  0%| F|  |TAMS 0x000000072c800000, 0x000000072c800000| Untracked 
| 175|0x000000072c900000, 0x000000072c900000, 0x000000072ca00000|  0%| F|  |TAMS 0x000000072c900000, 0x000000072c900000| Untracked 
| 176|0x000000072ca00000, 0x000000072ca00000, 0x000000072cb00000|  0%| F|  |TAMS 0x000000072ca00000, 0x000000072ca00000| Untracked 
| 177|0x000000072cb00000, 0x000000072cb00000, 0x000000072cc00000|  0%| F|  |TAMS 0x000000072cb00000, 0x000000072cb00000| Untracked 
| 178|0x000000072cc00000, 0x000000072cc00000, 0x000000072cd00000|  0%| F|  |TAMS 0x000000072cc00000, 0x000000072cc00000| Untracked 
| 179|0x000000072cd00000, 0x000000072cd00000, 0x000000072ce00000|  0%| F|  |TAMS 0x000000072cd00000, 0x000000072cd00000| Untracked 
| 180|0x000000072ce00000, 0x000000072ce00000, 0x000000072cf00000|  0%| F|  |TAMS 0x000000072ce00000, 0x000000072ce00000| Untracked 
| 181|0x000000072cf00000, 0x000000072cf00000, 0x000000072d000000|  0%| F|  |TAMS 0x000000072cf00000, 0x000000072cf00000| Untracked 
| 182|0x000000072d000000, 0x000000072d000000, 0x000000072d100000|  0%| F|  |TAMS 0x000000072d000000, 0x000000072d000000| Untracked 
| 183|0x000000072d100000, 0x000000072d100000, 0x000000072d200000|  0%| F|  |TAMS 0x000000072d100000, 0x000000072d100000| Untracked 
| 184|0x000000072d200000, 0x000000072d200000, 0x000000072d300000|  0%| F|  |TAMS 0x000000072d200000, 0x000000072d200000| Untracked 
| 185|0x000000072d300000, 0x000000072d300000, 0x000000072d400000|  0%| F|  |TAMS 0x000000072d300000, 0x000000072d300000| Untracked 
| 186|0x000000072d400000, 0x000000072d400000, 0x000000072d500000|  0%| F|  |TAMS 0x000000072d400000, 0x000000072d400000| Untracked 
| 187|0x000000072d500000, 0x000000072d500000, 0x000000072d600000|  0%| F|  |TAMS 0x000000072d500000, 0x000000072d500000| Untracked 
| 188|0x000000072d600000, 0x000000072d600000, 0x000000072d700000|  0%| F|  |TAMS 0x000000072d600000, 0x000000072d600000| Untracked 
| 189|0x000000072d700000, 0x000000072d700000, 0x000000072d800000|  0%| F|  |TAMS 0x000000072d700000, 0x000000072d700000| Untracked 
| 190|0x000000072d800000, 0x000000072d800000, 0x000000072d900000|  0%| F|  |TAMS 0x000000072d800000, 0x000000072d800000| Untracked 
| 191|0x000000072d900000, 0x000000072d900000, 0x000000072da00000|  0%| F|  |TAMS 0x000000072d900000, 0x000000072d900000| Untracked 
| 192|0x000000072da00000, 0x000000072da00000, 0x000000072db00000|  0%| F|  |TAMS 0x000000072da00000, 0x000000072da00000| Untracked 
| 193|0x000000072db00000, 0x000000072db00000, 0x000000072dc00000|  0%| F|  |TAMS 0x000000072db00000, 0x000000072db00000| Untracked 
| 194|0x000000072dc00000, 0x000000072dc00000, 0x000000072dd00000|  0%| F|  |TAMS 0x000000072dc00000, 0x000000072dc00000| Untracked 
| 195|0x000000072dd00000, 0x000000072dd00000, 0x000000072de00000|  0%| F|  |TAMS 0x000000072dd00000, 0x000000072dd00000| Untracked 
| 196|0x000000072de00000, 0x000000072de00000, 0x000000072df00000|  0%| F|  |TAMS 0x000000072de00000, 0x000000072de00000| Untracked 
| 197|0x000000072df00000, 0x000000072df00000, 0x000000072e000000|  0%| F|  |TAMS 0x000000072df00000, 0x000000072df00000| Untracked 
| 198|0x000000072e000000, 0x000000072e000000, 0x000000072e100000|  0%| F|  |TAMS 0x000000072e000000, 0x000000072e000000| Untracked 
| 199|0x000000072e100000, 0x000000072e100000, 0x000000072e200000|  0%| F|  |TAMS 0x000000072e100000, 0x000000072e100000| Untracked 
| 200|0x000000072e200000, 0x000000072e27b660, 0x000000072e300000| 48%| E|  |TAMS 0x000000072e200000, 0x000000072e200000| Complete 
| 201|0x000000072e300000, 0x000000072e400000, 0x000000072e400000|100%| E|CS|TAMS 0x000000072e300000, 0x000000072e300000| Complete 
| 202|0x000000072e400000, 0x000000072e500000, 0x000000072e500000|100%| E|CS|TAMS 0x000000072e400000, 0x000000072e400000| Complete 
| 203|0x000000072e500000, 0x000000072e600000, 0x000000072e600000|100%| E|CS|TAMS 0x000000072e500000, 0x000000072e500000| Complete 
| 204|0x000000072e600000, 0x000000072e700000, 0x000000072e700000|100%| E|CS|TAMS 0x000000072e600000, 0x000000072e600000| Complete 
| 205|0x000000072e700000, 0x000000072e800000, 0x000000072e800000|100%| E|CS|TAMS 0x000000072e700000, 0x000000072e700000| Complete 
| 206|0x000000072e800000, 0x000000072e900000, 0x000000072e900000|100%| E|CS|TAMS 0x000000072e800000, 0x000000072e800000| Complete 
| 207|0x000000072e900000, 0x000000072ea00000, 0x000000072ea00000|100%| E|CS|TAMS 0x000000072e900000, 0x000000072e900000| Complete 
| 208|0x000000072ea00000, 0x000000072eb00000, 0x000000072eb00000|100%| E|CS|TAMS 0x000000072ea00000, 0x000000072ea00000| Complete 
| 209|0x000000072eb00000, 0x000000072ec00000, 0x000000072ec00000|100%| E|CS|TAMS 0x000000072eb00000, 0x000000072eb00000| Complete 
| 210|0x000000072ec00000, 0x000000072ed00000, 0x000000072ed00000|100%| E|CS|TAMS 0x000000072ec00000, 0x000000072ec00000| Complete 
| 211|0x000000072ed00000, 0x000000072ee00000, 0x000000072ee00000|100%| E|CS|TAMS 0x000000072ed00000, 0x000000072ed00000| Complete 
| 212|0x000000072ee00000, 0x000000072ef00000, 0x000000072ef00000|100%| E|CS|TAMS 0x000000072ee00000, 0x000000072ee00000| Complete 
| 213|0x000000072ef00000, 0x000000072f000000, 0x000000072f000000|100%| E|CS|TAMS 0x000000072ef00000, 0x000000072ef00000| Complete 
| 214|0x000000072f000000, 0x000000072f100000, 0x000000072f100000|100%| E|CS|TAMS 0x000000072f000000, 0x000000072f000000| Complete 
| 215|0x000000072f100000, 0x000000072f200000, 0x000000072f200000|100%| E|CS|TAMS 0x000000072f100000, 0x000000072f100000| Complete 
| 216|0x000000072f200000, 0x000000072f300000, 0x000000072f300000|100%| E|CS|TAMS 0x000000072f200000, 0x000000072f200000| Complete 
| 217|0x000000072f300000, 0x000000072f400000, 0x000000072f400000|100%| E|  |TAMS 0x000000072f300000, 0x000000072f300000| Complete 
| 218|0x000000072f400000, 0x000000072f500000, 0x000000072f500000|100%| E|CS|TAMS 0x000000072f400000, 0x000000072f400000| Complete 
| 219|0x000000072f500000, 0x000000072f600000, 0x000000072f600000|100%| E|CS|TAMS 0x000000072f500000, 0x000000072f500000| Complete 
| 220|0x000000072f600000, 0x000000072f700000, 0x000000072f700000|100%| E|CS|TAMS 0x000000072f600000, 0x000000072f600000| Complete 
| 221|0x000000072f700000, 0x000000072f800000, 0x000000072f800000|100%| E|CS|TAMS 0x000000072f700000, 0x000000072f700000| Complete 
| 222|0x000000072f800000, 0x000000072f900000, 0x000000072f900000|100%| E|CS|TAMS 0x000000072f800000, 0x000000072f800000| Complete 
| 223|0x000000072f900000, 0x000000072fa00000, 0x000000072fa00000|100%| E|CS|TAMS 0x000000072f900000, 0x000000072f900000| Complete 

Card table byte_map: [0x000002c4f5060000,0x000002c4f5760000] _byte_map_base: 0x000002c4f1753000

Marking Bits (Prev, Next): (CMBitMap*) 0x000002c4e19486f8, (CMBitMap*) 0x000002c4e1948730
 Prev Bits: [0x000002c4f5e60000, 0x000002c4f95f8000)
 Next Bits: [0x000002c4f9600000, 0x000002c4fcd98000)

Polling page: 0x000002c4e10d0000

Metaspace:

Usage:
  Non-class:     10.72 MB capacity,    10.62 MB (>99%) used,    90.96 KB ( <1%) free+waste,     7.63 KB ( <1%) overhead. 
      Class:      1.08 MB capacity,     1.04 MB ( 96%) used,    44.18 KB (  4%) free+waste,     2.25 KB ( <1%) overhead. 
       Both:     11.80 MB capacity,    11.66 MB ( 99%) used,   135.14 KB (  1%) free+waste,     9.88 KB ( <1%) overhead. 

Virtual space:
  Non-class space:       16.00 MB reserved,      10.75 MB ( 67%) committed 
      Class space:        1.00 GB reserved,       1.13 MB ( <1%) committed 
             Both:        1.02 GB reserved,      11.88 MB (  1%) committed 

Chunk freelists:
   Non-Class:  35.00 KB
       Class:  11.00 KB
        Both:  46.00 KB

MaxMetaspaceSize: 17179869184.00 GB
CompressedClassSpaceSize: 1.00 GB
Initial GC threshold: 20.80 MB
Current GC threshold: 20.80 MB
CDS: off

CodeHeap 'non-profiled nmethods': size=120000Kb used=189Kb max_used=189Kb free=119810Kb
 bounds [0x000002c4ecee0000, 0x000002c4ed150000, 0x000002c4f4410000]
CodeHeap 'profiled nmethods': size=120000Kb used=1247Kb max_used=1247Kb free=118752Kb
 bounds [0x000002c4e59b0000, 0x000002c4e5c20000, 0x000002c4ecee0000]
CodeHeap 'non-nmethods': size=5760Kb used=1130Kb max_used=1148Kb free=4629Kb
 bounds [0x000002c4e5410000, 0x000002c4e5680000, 0x000002c4e59b0000]
 total_blobs=1043 nmethods=663 adapters=293
 compilation: enabled
              stopped_count=0, restarted_count=0
 full_count=0

Compilation events (20 events):
Event: 0.321 Thread 0x000002c4ffc07800  625       3       java.lang.StringUTF16::compress (50 bytes)
Event: 0.321 Thread 0x000002c4ffc07800 nmethod 625 0x000002c4e5ac9210 code [0x000002c4e5ac93e0, 0x000002c4e5ac9618]
Event: 0.323 Thread 0x000002c4ffc07800  626       3       java.lang.AbstractStringBuilder::appendChars (133 bytes)
Event: 0.323 Thread 0x000002c4ffd67000  627       4       kotlin.reflect.jvm.internal.impl.protobuf.WireFormat::getTagFieldNumber (4 bytes)
Event: 0.323 Thread 0x000002c4ffc07800 nmethod 626 0x000002c4e5ac9790 code [0x000002c4e5ac99a0, 0x000002c4e5ac9fd8]
Event: 0.323 Thread 0x000002c4ffc07800  630       3       kotlin.reflect.jvm.internal.impl.protobuf.CodedInputStream::readTag (41 bytes)
Event: 0.323 Thread 0x000002c4ffd67000 nmethod 627 0x000002c4ecf0c710 code [0x000002c4ecf0c8a0, 0x000002c4ecf0c8f8]
Event: 0.323 Thread 0x000002c4ffc07800 nmethod 630 0x000002c4e5aca290 code [0x000002c4e5aca480, 0x000002c4e5aca828]
Event: 0.323 Thread 0x000002c4ffc07800  628       3       kotlin.reflect.jvm.internal.impl.protobuf.CodedInputStream::readBytes (101 bytes)
Event: 0.323 Thread 0x000002c4ffc07800 nmethod 628 0x000002c4e5aca990 code [0x000002c4e5acabe0, 0x000002c4e5acb5b8]
Event: 0.323 Thread 0x000002c4ffc07800  632   !   3       kotlin.reflect.jvm.internal.impl.metadata.ProtoBuf$Function::<init> (1410 bytes)
Event: 0.324 Thread 0x000002c4ffd64800  640       4       kotlin.jvm.internal.Intrinsics::checkNotNullParameter (9 bytes)
Event: 0.324 Thread 0x000002c4ffd64800 nmethod 640 0x000002c4ecf0ca10 code [0x000002c4ecf0cba0, 0x000002c4ecf0cbf8]
Event: 0.325 Thread 0x000002c4ffbbf000  642       4       kotlin.reflect.jvm.internal.impl.protobuf.CodedInputStream::recomputeBufferSizeAfterLimit (63 bytes)
Event: 0.325 Thread 0x000002c4ffbbf000 nmethod 642 0x000002c4ecf0cd10 code [0x000002c4ecf0cea0, 0x000002c4ecf0cf38]
Event: 0.325 Thread 0x000002c4ffd67000  644       4       java.util.ArrayList::get (15 bytes)
Event: 0.325 Thread 0x000002c4ffd64800  645       4       java.io.WinNTFileSystem::isSlash (18 bytes)
Event: 0.326 Thread 0x000002c4ffd64800 nmethod 645 0x000002c4ecf0d010 code [0x000002c4ecf0d1a0, 0x000002c4ecf0d218]
Event: 0.326 Thread 0x000002c4ffd67000 nmethod 644 0x000002c4ecf0d310 code [0x000002c4ecf0d4a0, 0x000002c4ecf0d598]
Event: 0.327 Thread 0x000002c4ffbbf000  652       4       java.lang.StringLatin1::indexOf (121 bytes)

GC Heap History (0 events):
No events

Deoptimization events (20 events):
Event: 0.086 Thread 0x000002c4e18ee000 DEOPT PACKING pc=0x000002c4e59cf3cb sp=0x000000e2f8cfa6b0
Event: 0.086 Thread 0x000002c4e18ee000 DEOPT UNPACKING pc=0x000002c4e545a95e sp=0x000000e2f8cf9b80 mode 0
Event: 0.086 Thread 0x000002c4e18ee000 DEOPT PACKING pc=0x000002c4e59cf3cb sp=0x000000e2f8cfa6b0
Event: 0.086 Thread 0x000002c4e18ee000 DEOPT UNPACKING pc=0x000002c4e545a95e sp=0x000000e2f8cf9b80 mode 0
Event: 0.086 Thread 0x000002c4e18ee000 DEOPT PACKING pc=0x000002c4e59cf3cb sp=0x000000e2f8cfa6b0
Event: 0.086 Thread 0x000002c4e18ee000 DEOPT UNPACKING pc=0x000002c4e545a95e sp=0x000000e2f8cf9b80 mode 0
Event: 0.157 Thread 0x000002c4e18ee000 DEOPT PACKING pc=0x000002c4e59fce42 sp=0x000000e2f8cfc9c0
Event: 0.157 Thread 0x000002c4e18ee000 DEOPT UNPACKING pc=0x000002c4e545a95e sp=0x000000e2f8cfbe28 mode 0
Event: 0.162 Thread 0x000002c4e18ee000 DEOPT PACKING pc=0x000002c4e59d7a50 sp=0x000000e2f8cef4d0
Event: 0.162 Thread 0x000002c4e18ee000 DEOPT UNPACKING pc=0x000002c4e545a95e sp=0x000000e2f8cee958 mode 0
Event: 0.323 Thread 0x000002c4e18ee000 Uncommon trap: trap_request=0xffffff4d fr.pc=0x000002c4ecf0b734 relative=0x00000000000003b4
Event: 0.323 Thread 0x000002c4e18ee000 Uncommon trap: reason=unstable_if action=reinterpret pc=0x000002c4ecf0b734 method=kotlin.reflect.jvm.internal.impl.protobuf.CodedInputStream.isAtEnd()Z @ 16 c2
Event: 0.323 Thread 0x000002c4e18ee000 DEOPT PACKING pc=0x000002c4ecf0b734 sp=0x000000e2f8cfa730
Event: 0.323 Thread 0x000002c4e18ee000 DEOPT UNPACKING pc=0x000002c4e545a1af sp=0x000000e2f8cfa6b0 mode 2
Event: 0.326 Thread 0x000002c4e18ee000 Uncommon trap: trap_request=0xffffff4d fr.pc=0x000002c4ecf094e0 relative=0x0000000000000120
Event: 0.326 Thread 0x000002c4e18ee000 Uncommon trap: reason=unstable_if action=reinterpret pc=0x000002c4ecf094e0 method=kotlin.reflect.jvm.internal.impl.protobuf.CodedInputStream.readRawVarint32()I @ 69 c2
Event: 0.326 Thread 0x000002c4e18ee000 DEOPT PACKING pc=0x000002c4ecf094e0 sp=0x000000e2f8cfa180
Event: 0.326 Thread 0x000002c4e18ee000 DEOPT UNPACKING pc=0x000002c4e545a1af sp=0x000000e2f8cfa108 mode 2
Event: 0.327 Thread 0x000002c4e18ee000 DEOPT PACKING pc=0x000002c4e59f7dff sp=0x000000e2f8cfa770
Event: 0.327 Thread 0x000002c4e18ee000 DEOPT UNPACKING pc=0x000002c4e545a95e sp=0x000000e2f8cf9bc0 mode 0

Classes redefined (0 events):
No events

Internal exceptions (0 events):
No events

Events (20 events):
Event: 0.319 loading class java/util/LinkedList$ListItr
Event: 0.319 loading class java/util/LinkedList$ListItr done
Event: 0.320 loading class java/io/FilePermission
Event: 0.320 loading class java/io/FilePermission done
Event: 0.320 loading class java/io/FilePermission$1
Event: 0.320 loading class jdk/internal/misc/JavaIOFilePermissionAccess
Event: 0.320 loading class jdk/internal/misc/JavaIOFilePermissionAccess done
Event: 0.321 loading class java/io/FilePermission$1 done
Event: 0.321 loading class sun/security/util/FilePermCompat
Event: 0.321 loading class sun/security/util/FilePermCompat done
Event: 0.321 loading class sun/security/util/SecurityProperties
Event: 0.321 loading class sun/security/util/SecurityProperties done
Event: 0.321 loading class java/security/Security
Event: 0.321 loading class java/security/Security done
Event: 0.321 loading class java/security/Security$1
Event: 0.321 loading class java/security/Security$1 done
Event: 0.321 loading class java/util/Properties$LineReader
Event: 0.321 loading class java/util/Properties$LineReader done
Event: 0.324 Executing VM operation: CollectForMetadataAllocation
Event: 0.324 Executing VM operation: CollectForMetadataAllocation done


Dynamic libraries:
0x00007ff6e71d0000 - 0x00007ff6e71da000 	C:\Program Files\Android\Android Studio\jre\bin\java.exe
0x00007ffeec620000 - 0x00007ffeec829000 	C:\Windows\SYSTEM32\ntdll.dll
0x00007ffeeb3d0000 - 0x00007ffeeb48e000 	C:\Windows\System32\KERNEL32.DLL
0x00007ffee9ee0000 - 0x00007ffeea25b000 	C:\Windows\System32\KERNELBASE.dll
0x00007ffee9dc0000 - 0x00007ffee9ed1000 	C:\Windows\System32\ucrtbase.dll
0x00007ffed5810000 - 0x00007ffed5829000 	C:\Program Files\Android\Android Studio\jre\bin\jli.dll
0x00007ffed55b0000 - 0x00007ffed55c7000 	C:\Program Files\Android\Android Studio\jre\bin\VCRUNTIME140.dll
0x00007ffeebe00000 - 0x00007ffeebfad000 	C:\Windows\System32\USER32.dll
0x00007ffed5dd0000 - 0x00007ffed6075000 	C:\Windows\WinSxS\amd64_microsoft.windows.common-controls_6595b64144ccf1df_6.0.22000.120_none_9d947278b86cc467\COMCTL32.dll
0x00007ffee9c60000 - 0x00007ffee9c86000 	C:\Windows\System32\win32u.dll
0x00007ffeec180000 - 0x00007ffeec223000 	C:\Windows\System32\msvcrt.dll
0x00007ffeec490000 - 0x00007ffeec4b9000 	C:\Windows\System32\GDI32.dll
0x00007ffeea2e0000 - 0x00007ffeea3f8000 	C:\Windows\System32\gdi32full.dll
0x00007ffeea400000 - 0x00007ffeea49d000 	C:\Windows\System32\msvcp_win.dll
0x00007ffeebfb0000 - 0x00007ffeebfe2000 	C:\Windows\System32\IMM32.DLL
0x00007ffe79130000 - 0x00007ffe791cd000 	C:\Program Files\Android\Android Studio\jre\bin\msvcp140.dll
0x00007ffe770f0000 - 0x00007ffe77bf2000 	C:\Program Files\Android\Android Studio\jre\bin\server\jvm.dll
0x00007ffeeab50000 - 0x00007ffeeabfe000 	C:\Windows\System32\ADVAPI32.dll
0x00007ffeeb900000 - 0x00007ffeeb99e000 	C:\Windows\System32\sechost.dll
0x00007ffeec4c0000 - 0x00007ffeec5e0000 	C:\Windows\System32\RPCRT4.dll
0x00007ffeeac00000 - 0x00007ffeeac08000 	C:\Windows\System32\PSAPI.DLL
0x00007ffee3510000 - 0x00007ffee3543000 	C:\Windows\SYSTEM32\WINMM.dll
0x00007ffee1ab0000 - 0x00007ffee1ab9000 	C:\Windows\SYSTEM32\WSOCK32.dll
0x00007ffee0310000 - 0x00007ffee031a000 	C:\Windows\SYSTEM32\VERSION.dll
0x00007ffeea560000 - 0x00007ffeea5cf000 	C:\Windows\System32\WS2_32.dll
0x00007ffee8a40000 - 0x00007ffee8a58000 	C:\Windows\SYSTEM32\kernel.appcore.dll
0x00007ffee1970000 - 0x00007ffee1981000 	C:\Program Files\Android\Android Studio\jre\bin\verify.dll
0x00007ffedc6b0000 - 0x00007ffedc8d1000 	C:\Windows\SYSTEM32\DBGHELP.DLL
0x00007ffed78d0000 - 0x00007ffed7901000 	C:\Windows\SYSTEM32\dbgcore.DLL
0x00007ffeea260000 - 0x00007ffeea2df000 	C:\Windows\System32\bcryptPrimitives.dll
0x00007ffeda350000 - 0x00007ffeda379000 	C:\Program Files\Android\Android Studio\jre\bin\java.dll
0x00007ffedd410000 - 0x00007ffedd41b000 	C:\Program Files\Android\Android Studio\jre\bin\jimage.dll
0x00007ffeda330000 - 0x00007ffeda348000 	C:\Program Files\Android\Android Studio\jre\bin\zip.dll
0x00007ffeeac10000 - 0x00007ffeeb3c8000 	C:\Windows\System32\SHELL32.dll
0x00007ffee7ba0000 - 0x00007ffee8405000 	C:\Windows\SYSTEM32\windows.storage.dll
0x00007ffeea7d0000 - 0x00007ffeeab48000 	C:\Windows\System32\combase.dll
0x00007ffee7a30000 - 0x00007ffee7b96000 	C:\Windows\SYSTEM32\wintypes.dll
0x00007ffeec080000 - 0x00007ffeec16a000 	C:\Windows\System32\SHCORE.dll
0x00007ffeebb40000 - 0x00007ffeebb9d000 	C:\Windows\System32\shlwapi.dll
0x00007ffee9a20000 - 0x00007ffee9a41000 	C:\Windows\SYSTEM32\profapi.dll
0x00007ffeda310000 - 0x00007ffeda32a000 	C:\Program Files\Android\Android Studio\jre\bin\net.dll
0x00007ffee5000000 - 0x00007ffee5114000 	C:\Windows\SYSTEM32\WINHTTP.dll
0x00007ffee8fb0000 - 0x00007ffee9017000 	C:\Windows\system32\mswsock.dll
0x00007ffeda2f0000 - 0x00007ffeda304000 	C:\Program Files\Android\Android Studio\jre\bin\nio.dll

dbghelp: loaded successfully - version: 4.0.5 - missing functions: none
symbol engine: initialized successfully - sym options: 0x614 - pdb path: .;C:\Program Files\Android\Android Studio\jre\bin;C:\Windows\SYSTEM32;C:\Windows\WinSxS\amd64_microsoft.windows.common-controls_6595b64144ccf1df_6.0.22000.120_none_9d947278b86cc467;C:\Program Files\Android\Android Studio\jre\bin\server

VM Arguments:
java_command: org.jetbrains.kotlin.cli.jvm.K2JVMCompiler @C:\www\cotuca.unicamp.br\semesters\fourth\ds\mobile-mars\marte\app\build\20221204_1316245971416388013.compiler.options
java_class_path (initial): C:\Users\i\.gradle\caches\modules-2\files-2.1\org.jetbrains.kotlin\kotlin-compiler-embeddable\1.7.10\909803167c98606fcf22b4c848647c68e351d48d\kotlin-compiler-embeddable-1.7.10.jar;C:\Users\i\.gradle\caches\modules-2\files-2.1\org.jetbrains.kotlin\kotlin-reflect\1.7.10\165e600dfea6185cf5efa700756294cc4904dbeb\kotlin-reflect-1.7.10.jar;C:\Users\i\.gradle\caches\modules-2\files-2.1\org.jetbrains.kotlin\kotlin-stdlib\1.7.10\d2abf9e77736acc4450dc4a3f707fa2c10f5099d\kotlin-stdlib-1.7.10.jar;C:\Users\i\.gradle\caches\modules-2\files-2.1\org.jetbrains.kotlin\kotlin-script-runtime\1.7.10\c99c87a6988d8fd8d5142e9ed5c9f34a7cf561ee\kotlin-script-runtime-1.7.10.jar;C:\Users\i\.gradle\caches\modules-2\files-2.1\org.jetbrains.kotlin\kotlin-daemon-embeddable\1.7.10\3a9f7aef7080d3ae63126cbba4f827ed664f32fa\kotlin-daemon-embeddable-1.7.10.jar;C:\Users\i\.gradle\caches\modules-2\files-2.1\org.jetbrains.intellij.deps\trove4j\1.0.20200330\3afb14d5f9ceb459d724e907a21145e8ff394f02\trove4j-1.0.20200330.jar;C:\Users\i\.gradle\caches\modules-2\files-2.1\net.java.dev.jna\jna\5.6.0\330f2244e9030119ab3030fc3fededc86713d9cc\jna-5.6.0.jar;C:\Users\i\.gradle\caches\modules-2\files-2.1\org.jetbrains.kotlin\kotlin-stdlib-common\1.7.10\bac80c520d0a9e3f3673bc2658c6ed02ef45a76a\kotlin-stdlib-common-1.7.10.jar;C:\Users\i\.gradle\caches\modules-2\files-2.1\org.jetbrains\annotations\13.0\919f0dfe192fb4e063e7dacadee7f8bb9a2672a9\annotations-13.0.jar
Launcher Type: SUN_STANDARD

[Global flags]
     intx CICompilerCount                          = 4                                         {product} {ergonomic}
     uint ConcGCThreads                            = 3                                         {product} {ergonomic}
     uint G1ConcRefinementThreads                  = 10                                        {product} {ergonomic}
   size_t G1HeapRegionSize                         = 1048576                                   {product} {ergonomic}
    uintx GCDrainStackTargetSize                   = 64                                        {product} {ergonomic}
   size_t InitialHeapSize                          = 234881024                                 {product} {ergonomic}
   size_t MarkStackSize                            = 4194304                                   {product} {ergonomic}
   size_t MaxHeapSize                              = 3730833408                                {product} {ergonomic}
   size_t MaxNewSize                               = 2237661184                                {product} {ergonomic}
   size_t MinHeapDeltaBytes                        = 1048576                                   {product} {ergonomic}
    uintx NonNMethodCodeHeapSize                   = 5836300                                {pd product} {ergonomic}
    uintx NonProfiledCodeHeapSize                  = 122910970                              {pd product} {ergonomic}
    uintx ProfiledCodeHeapSize                     = 122910970                              {pd product} {ergonomic}
    uintx ReservedCodeCacheSize                    = 251658240                              {pd product} {ergonomic}
     bool SegmentedCodeCache                       = true                                      {product} {ergonomic}
     bool UseCompressedClassPointers               = true                                 {lp64_product} {ergonomic}
     bool UseCompressedOops                        = true                                 {lp64_product} {ergonomic}
     bool UseG1GC                                  = true                                      {product} {ergonomic}
     bool UseLargePagesIndividualAllocation        = false                                  {pd product} {ergonomic}

Logging:
Log output configuration:
 #0: stdout all=warning uptime,level,tags
 #1: stderr all=off uptime,level,tags

Environment Variables:
PATH=C:\Program Files (x86)\Common Files\Oracle\Java\javapath;C:\Windows\system32;C:\Windows;C:\Windows\System32\Wbem;C:\Windows\System32\WindowsPowerShell\v1.0\;C:\Program Files\Microsoft SQL Server\150\Tools\Binn\;C:\Program Files\Microsoft SQL Server\Client SDK\ODBC\170\Tools\Binn\;C:\Program Files\Git\cmd;C:\Program Files\Azure Data Studio\bin;C:\Program Files\nodejs\;C:\Program Files\Go\bin;C:\Program Files\dotnet\;C:\Users\i\AppData\Local\Programs\Python\Python310\Scripts\;C:\Users\i\AppData\Local\Programs\Python\Python310\;C:\Users\i\AppData\Local\Microsoft\WindowsApps;C:\Users\i\AppData\Local\Programs\Microsoft VS Code\bin;C:\Users\i\.dotnet\tools;C:\Program Files\JetBrains\IntelliJ IDEA Community Edition 2022.1\bin;C:\Users\i\AppData\Roaming\npm;C:\Users\i\AppData\Local\JetBrains\Toolbox\scripts;C:\Users\i\go\bin;C:\Users\i\.dotnet\tools
USERNAME=i
OS=Windows_NT
PROCESSOR_IDENTIFIER=AMD64 Family 25 Model 80 Stepping 0, AuthenticAMD



---------------  S Y S T E M  ---------------

OS: Windows 11 , 64 bit Build 22000 (10.0.22000.1219)
OS uptime: 0 days 2:19 hours
Hyper-V role detected

CPU:total 12 (initial active 12) (12 cores per cpu, 2 threads per core) family 25 model 80 stepping 0 microcode 0x0, cmov, cx8, fxsr, mmx, sse, sse2, sse3, ssse3, sse4.1, sse4.2, popcnt, avx, avx2, aes, clmul, erms, mmxext, 3dnowpref, lzcnt, sse4a, ht, tsc, tscinvbit, tscinv, bmi1, bmi2, adx, sha, fma

Memory: 4k page, system-wide physical 14229M (1379M free)
TotalPageFile size 14229M (AvailPageFile size 5M)
current process WorkingSet (physical memory assigned to process): 82M, peak: 82M
current process commit charge ("private bytes"): 323M, peak: 323M

vm_info: OpenJDK 64-Bit Server VM (11.0.13+0-b1751.21-8125866) for windows-amd64 JRE (11.0.13+0-b1751.21-8125866), built on Feb  2 2022 03:00:22 by "builder" with MS VC++ 14.0 (VS2015)

END.
