#
# There is insufficient memory for the Java Runtime Environment to continue.
# Native memory allocation (malloc) failed to allocate 1048576 bytes for AllocateHeap
# Possible reasons:
#   The system is out of physical RAM or swap space
#   The process is running with CompressedOops enabled, and the Java Heap may be blocking the growth of the native heap
# Possible solutions:
#   Reduce memory load on the system
#   Increase physical memory or swap space
#   Check if swap backing store is full
#   Decrease Java heap size (-Xmx/-Xms)
#   Decrease number of Java threads
#   Decrease Java thread stack sizes (-Xss)
#   Set larger code cache with -XX:ReservedCodeCacheSize=
#   JVM is running with Unscaled Compressed Oops mode in which the Java heap is
#     placed in the first 4GB address space. The Java Heap base address is the
#     maximum limit for the native heap growth. Please use -XX:HeapBaseMinAddress
#     to set the Java Heap base and to place the Java Heap above 4GB virtual address.
# This output file may be truncated or incomplete.
#
#  Out of Memory Error (allocation.cpp:44), pid=12792, tid=11608
#
# JRE version:  (17.0.5+8) (build )
# Java VM: OpenJDK 64-Bit Server VM (17.0.5+8, mixed mode, tiered, compressed oops, compressed class ptrs, parallel gc, windows-amd64)
# No core dump will be written. Minidumps are not enabled by default on client versions of Windows
#

---------------  S U M M A R Y ------------

Command Line: --add-modules=ALL-SYSTEM --add-opens=java.base/java.util=ALL-UNNAMED --add-opens=java.base/java.lang=ALL-UNNAMED --add-opens=java.base/sun.nio.fs=ALL-UNNAMED -Declipse.application=org.eclipse.jdt.ls.core.id1 -Dosgi.bundles.defaultStartLevel=4 -Declipse.product=org.eclipse.jdt.ls.core.product -Djava.import.generatesMetadataFilesAtProjectRoot=false -Dfile.encoding=utf8 -XX:+UseParallelGC -XX:GCTimeRatio=4 -XX:AdaptiveSizePolicyWeight=90 -Dsun.zip.disableMemoryMapping=true -Xmx1G -Xms100m -Xlog:disable -javaagent:c:\Users\i\.vscode\extensions\redhat.java-1.13.0-win32-x64\lombok\lombok-1.18.24.jar c:\Users\i\.vscode\extensions\redhat.java-1.13.0-win32-x64\server\plugins\org.eclipse.equinox.launcher_1.6.400.v20210924-0641.jar -configuration c:\Users\i\AppData\Roaming\Code\User\globalStorage\redhat.java\1.13.0\config_ss_win -data c:\Users\i\AppData\Roaming\Code\User\workspaceStorage\d941cdf0fd313fa660f6f2ee6cae3aff\redhat.java\ss_ws

Host: AMD Ryzen 5 5600G with Radeon Graphics         , 12 cores, 13G,  Windows 11 , 64 bit Build 22000 (10.0.22000.1219)
Time: Mon Dec  5 15:35:47 2022 E. South America Standard Time elapsed time: 0.026222 seconds (0d 0h 0m 0s)

---------------  T H R E A D  ---------------

Current thread (0x00000160c6d92670):  JavaThread "Unknown thread" [_thread_in_vm, id=11608, stack(0x0000003b28600000,0x0000003b28700000)]

Stack: [0x0000003b28600000,0x0000003b28700000]
Native frames: (J=compiled Java code, j=interpreted, Vv=VM code, C=native code)
V  [jvm.dll+0x676b3a]
V  [jvm.dll+0x831444]
V  [jvm.dll+0x832bee]
V  [jvm.dll+0x833253]
V  [jvm.dll+0x244ce5]
V  [jvm.dll+0xa631f]
V  [jvm.dll+0x6a9056]
V  [jvm.dll+0x6a9bff]
V  [jvm.dll+0x683233]
V  [jvm.dll+0x80383b]
V  [jvm.dll+0x368c34]
V  [jvm.dll+0x7e265c]
V  [jvm.dll+0x3eb17f]
V  [jvm.dll+0x3eccc1]
C  [jli.dll+0x5267]
C  [ucrtbase.dll+0x26c0c]
C  [KERNEL32.DLL+0x15550]
C  [ntdll.dll+0x485b]


---------------  P R O C E S S  ---------------

Threads class SMR info:
_java_thread_list=0x00007fff77f62f18, length=0, elements={
}

Java Threads: ( => current thread )

Other Threads:
  0x00000160c6da7dc0 GCTaskThread "GC Thread#0" [stack: 0x0000003b28700000,0x0000003b28800000] [id=10516]

=>0x00000160c6d92670 (exited) JavaThread "Unknown thread" [_thread_in_vm, id=11608, stack(0x0000003b28600000,0x0000003b28700000)]

Threads with active compile tasks:

VM state: not at safepoint (normal execution)

VM Mutex/Monitor currently owned by a thread: None

Heap address: 0x00000000c0000000, size: 1024 MB, Compressed Oops mode: 32-bit

CDS archive(s) not mapped
Compressed class space mapped at: 0x0000000100000000-0x0000000140000000, reserved size: 1073741824
Narrow klass base: 0x0000000000000000, Narrow klass shift: 3, Narrow klass range: 0x140000000

GC Precious Log:
 CPUs: 12 total, 12 available
 Memory: 14229M
 Large Page Support: Disabled
 NUMA Support: Disabled
 Compressed Oops: Enabled (32-bit)
 Alignments: Space 512K, Generation 512K, Heap 2M
 Heap Min Capacity: 100M
 Heap Initial Capacity: 100M
 Heap Max Capacity: 1G
 Pre-touch: Disabled
 Parallel Workers: 10

Heap:
 PSYoungGen      total 29696K, used 512K [0x00000000eab00000, 0x00000000ecc00000, 0x0000000100000000)
  eden space 25600K, 2% used [0x00000000eab00000,0x00000000eab80070,0x00000000ec400000)
  from space 4096K, 0% used [0x00000000ec800000,0x00000000ec800000,0x00000000ecc00000)
  to   space 4096K, 0% used [0x00000000ec400000,0x00000000ec400000,0x00000000ec800000)
 ParOldGen       total 68608K, used 0K [0x00000000c0000000, 0x00000000c4300000, 0x00000000eab00000)
  object space 68608K, 0% used [0x00000000c0000000,0x00000000c0000000,0x00000000c4300000)
 Metaspace       used 1149K, committed 1216K, reserved 1056768K
  class space    used 101K, committed 128K, reserved 1048576K

Card table byte_map: [0x00000160c6770000,0x00000160c6980000] _byte_map_base: 0x00000160c6170000

Marking Bits: (ParMarkBitMap*) 0x00007fff77fd0dd0
 Begin Bits: [0x00000160d8a20000, 0x00000160d9a20000)
 End Bits:   [0x00000160d9a20000, 0x00000160daa20000)

Polling page: 0x00000160c6560000

Metaspace:

Usage:
  Non-class:      1.02 MB used.
      Class:    101.01 KB used.
       Both:      1.12 MB used.

Virtual space:
  Non-class space:        8.00 MB reserved,       1.06 MB ( 13%) committed,  1 nodes.
      Class space:        1.00 GB reserved,     128.00 KB ( <1%) committed,  1 nodes.
             Both:        1.01 GB reserved,       1.19 MB ( <1%) committed. 

Chunk freelists:
   Non-Class:  0 bytes
       Class:  3.75 MB
        Both:  3.75 MB

MaxMetaspaceSize: unlimited
CompressedClassSpaceSize: 1.00 GB
Initial GC threshold: 21.00 MB
Current GC threshold: 17179869184.00 GB
CDS: off
MetaspaceReclaimPolicy: balanced
 - commit_granule_bytes: 65536.
 - commit_granule_words: 8192.
 - virtual_space_node_default_size: 1048576.
 - enlarge_chunks_in_place: 1.
 - new_chunks_are_fully_committed: 0.
 - uncommit_free_chunks: 1.
 - use_allocation_guard: 0.
 - handle_deallocations: 1.


Internal statistics:

num_allocs_failed_limit: 0.
num_arena_births: 2.
num_arena_deaths: 0.
num_vsnodes_births: 2.
num_vsnodes_deaths: 0.
num_space_committed: 19.
num_space_uncommitted: 0.
num_chunks_returned_to_freelist: 0.
num_chunks_taken_from_freelist: 3.
num_chunk_merges: 0.
num_chunk_splits: 1.
num_chunks_enlarged: 0.
num_purges: 0.
num_inconsistent_stats: 0.

CodeHeap 'non-profiled nmethods': size=120000Kb used=0Kb max_used=0Kb free=120000Kb
 bounds [0x00000160d14f0000, 0x00000160d1760000, 0x00000160d8a20000]
CodeHeap 'profiled nmethods': size=120000Kb used=0Kb max_used=0Kb free=120000Kb
 bounds [0x00000160c9fc0000, 0x00000160ca230000, 0x00000160d14f0000]
CodeHeap 'non-nmethods': size=5760Kb used=202Kb max_used=335Kb free=5557Kb
 bounds [0x00000160c9a20000, 0x00000160c9c90000, 0x00000160c9fc0000]
 total_blobs=66 nmethods=0 adapters=47
 compilation: enabled
              stopped_count=0, restarted_count=0
 full_count=0

Compilation events (0 events):
No events

GC Heap History (0 events):
No events

Dll operation events (1 events):
Event: 0.007 Loaded shared library c:\Users\i\.vscode\extensions\redhat.java-1.13.0-win32-x64\jre\17.0.5-win32-x86_64\bin\java.dll

Deoptimization events (0 events):
No events

Classes unloaded (0 events):
No events

Classes redefined (0 events):
No events

Internal exceptions (0 events):
No events

VM Operations (0 events):
No events

Events (20 events):
Event: 0.022 loading class java/lang/Long
Event: 0.022 loading class java/lang/Long done
Event: 0.022 loading class java/util/Iterator
Event: 0.022 loading class java/util/Iterator done
Event: 0.022 loading class java/lang/reflect/RecordComponent
Event: 0.022 loading class java/lang/reflect/RecordComponent done
Event: 0.022 loading class jdk/internal/vm/vector/VectorSupport
Event: 0.022 loading class jdk/internal/vm/vector/VectorSupport done
Event: 0.022 loading class jdk/internal/vm/vector/VectorSupport$VectorPayload
Event: 0.022 loading class jdk/internal/vm/vector/VectorSupport$VectorPayload done
Event: 0.022 loading class jdk/internal/vm/vector/VectorSupport$Vector
Event: 0.022 loading class jdk/internal/vm/vector/VectorSupport$Vector done
Event: 0.022 loading class jdk/internal/vm/vector/VectorSupport$VectorMask
Event: 0.022 loading class jdk/internal/vm/vector/VectorSupport$VectorMask done
Event: 0.022 loading class jdk/internal/vm/vector/VectorSupport$VectorShuffle
Event: 0.022 loading class jdk/internal/vm/vector/VectorSupport$VectorShuffle done
Event: 0.024 loading class java/lang/NullPointerException
Event: 0.024 loading class java/lang/NullPointerException done
Event: 0.024 loading class java/lang/ArithmeticException
Event: 0.024 loading class java/lang/ArithmeticException done


Dynamic libraries:
0x00007ff75a180000 - 0x00007ff75a18e000 	c:\Users\i\.vscode\extensions\redhat.java-1.13.0-win32-x64\jre\17.0.5-win32-x86_64\bin\java.exe
0x00007fffb5b00000 - 0x00007fffb5d09000 	C:\Windows\SYSTEM32\ntdll.dll
0x00007fffb43f0000 - 0x00007fffb44ae000 	C:\Windows\System32\KERNEL32.DLL
0x00007fffb3600000 - 0x00007fffb397b000 	C:\Windows\System32\KERNELBASE.dll
0x00007fffb3110000 - 0x00007fffb3221000 	C:\Windows\System32\ucrtbase.dll
0x00007fffae2a0000 - 0x00007fffae2b9000 	c:\Users\i\.vscode\extensions\redhat.java-1.13.0-win32-x64\jre\17.0.5-win32-x86_64\bin\VCRUNTIME140.dll
0x00007fffaedc0000 - 0x00007fffaedd7000 	c:\Users\i\.vscode\extensions\redhat.java-1.13.0-win32-x64\jre\17.0.5-win32-x86_64\bin\jli.dll
0x00007fffb53e0000 - 0x00007fffb558d000 	C:\Windows\System32\USER32.dll
0x00007fff9f200000 - 0x00007fff9f4a5000 	C:\Windows\WinSxS\amd64_microsoft.windows.common-controls_6595b64144ccf1df_6.0.22000.120_none_9d947278b86cc467\COMCTL32.dll
0x00007fffb2fd0000 - 0x00007fffb2ff6000 	C:\Windows\System32\win32u.dll
0x00007fffb4220000 - 0x00007fffb42c3000 	C:\Windows\System32\msvcrt.dll
0x00007fffb42d0000 - 0x00007fffb42f9000 	C:\Windows\System32\GDI32.dll
0x00007fffb32b0000 - 0x00007fffb33c8000 	C:\Windows\System32\gdi32full.dll
0x00007fffb3000000 - 0x00007fffb309d000 	C:\Windows\System32\msvcp_win.dll
0x00007fffb3aa0000 - 0x00007fffb3ad2000 	C:\Windows\System32\IMM32.DLL
0x00007fffaee00000 - 0x00007fffaee0c000 	c:\Users\i\.vscode\extensions\redhat.java-1.13.0-win32-x64\jre\17.0.5-win32-x86_64\bin\vcruntime140_1.dll
0x00007fff9eee0000 - 0x00007fff9ef71000 	c:\Users\i\.vscode\extensions\redhat.java-1.13.0-win32-x64\jre\17.0.5-win32-x86_64\bin\msvcp140.dll
0x00007fff77450000 - 0x00007fff78094000 	c:\Users\i\.vscode\extensions\redhat.java-1.13.0-win32-x64\jre\17.0.5-win32-x86_64\bin\server\jvm.dll
0x00007fffb4060000 - 0x00007fffb410e000 	C:\Windows\System32\ADVAPI32.dll
0x00007fffb5340000 - 0x00007fffb53de000 	C:\Windows\System32\sechost.dll
0x00007fffb4f40000 - 0x00007fffb5060000 	C:\Windows\System32\RPCRT4.dll
0x00007fffabeb0000 - 0x00007fffabee3000 	C:\Windows\SYSTEM32\WINMM.dll
0x00007fffaeda0000 - 0x00007fffaeda9000 	C:\Windows\SYSTEM32\WSOCK32.dll
0x00007fffabe50000 - 0x00007fffabe5a000 	C:\Windows\SYSTEM32\VERSION.dll
0x00007fffb3ae0000 - 0x00007fffb3b4f000 	C:\Windows\System32\WS2_32.dll
0x00007fffb1fb0000 - 0x00007fffb1fc8000 	C:\Windows\SYSTEM32\kernel.appcore.dll
0x00007fffae290000 - 0x00007fffae29a000 	c:\Users\i\.vscode\extensions\redhat.java-1.13.0-win32-x64\jre\17.0.5-win32-x86_64\bin\jimage.dll
0x00007fffa7390000 - 0x00007fffa75b1000 	C:\Windows\SYSTEM32\DBGHELP.DLL
0x00007fffa1190000 - 0x00007fffa11c1000 	C:\Windows\SYSTEM32\dbgcore.DLL
0x00007fffb3230000 - 0x00007fffb32af000 	C:\Windows\System32\bcryptPrimitives.dll
0x00007fffab8c0000 - 0x00007fffab8ce000 	c:\Users\i\.vscode\extensions\redhat.java-1.13.0-win32-x64\jre\17.0.5-win32-x86_64\bin\instrument.dll
0x00007fffa4d40000 - 0x00007fffa4d65000 	c:\Users\i\.vscode\extensions\redhat.java-1.13.0-win32-x64\jre\17.0.5-win32-x86_64\bin\java.dll
0x00007fffa3140000 - 0x00007fffa3158000 	c:\Users\i\.vscode\extensions\redhat.java-1.13.0-win32-x64\jre\17.0.5-win32-x86_64\bin\zip.dll

dbghelp: loaded successfully - version: 4.0.5 - missing functions: none
symbol engine: initialized successfully - sym options: 0x614 - pdb path: .;c:\Users\i\.vscode\extensions\redhat.java-1.13.0-win32-x64\jre\17.0.5-win32-x86_64\bin;C:\Windows\SYSTEM32;C:\Windows\WinSxS\amd64_microsoft.windows.common-controls_6595b64144ccf1df_6.0.22000.120_none_9d947278b86cc467;c:\Users\i\.vscode\extensions\redhat.java-1.13.0-win32-x64\jre\17.0.5-win32-x86_64\bin\server

VM Arguments:
jvm_args: --add-modules=ALL-SYSTEM --add-opens=java.base/java.util=ALL-UNNAMED --add-opens=java.base/java.lang=ALL-UNNAMED --add-opens=java.base/sun.nio.fs=ALL-UNNAMED -Declipse.application=org.eclipse.jdt.ls.core.id1 -Dosgi.bundles.defaultStartLevel=4 -Declipse.product=org.eclipse.jdt.ls.core.product -Djava.import.generatesMetadataFilesAtProjectRoot=false -Dfile.encoding=utf8 -XX:+UseParallelGC -XX:GCTimeRatio=4 -XX:AdaptiveSizePolicyWeight=90 -Dsun.zip.disableMemoryMapping=true -Xmx1G -Xms100m -Xlog:disable -javaagent:c:\Users\i\.vscode\extensions\redhat.java-1.13.0-win32-x64\lombok\lombok-1.18.24.jar 
java_command: c:\Users\i\.vscode\extensions\redhat.java-1.13.0-win32-x64\server\plugins\org.eclipse.equinox.launcher_1.6.400.v20210924-0641.jar -configuration c:\Users\i\AppData\Roaming\Code\User\globalStorage\redhat.java\1.13.0\config_ss_win -data c:\Users\i\AppData\Roaming\Code\User\workspaceStorage\d941cdf0fd313fa660f6f2ee6cae3aff\redhat.java\ss_ws
java_class_path (initial): c:\Users\i\.vscode\extensions\redhat.java-1.13.0-win32-x64\server\plugins\org.eclipse.equinox.launcher_1.6.400.v20210924-0641.jar
Launcher Type: SUN_STANDARD

[Global flags]
    uintx AdaptiveSizePolicyWeight                 = 90                                        {product} {command line}
     intx CICompilerCount                          = 4                                         {product} {ergonomic}
    uintx GCTimeRatio                              = 4                                         {product} {command line}
   size_t InitialHeapSize                          = 104857600                                 {product} {command line}
   size_t MaxHeapSize                              = 1073741824                                {product} {command line}
   size_t MaxNewSize                               = 357564416                                 {product} {ergonomic}
   size_t MinHeapDeltaBytes                        = 524288                                    {product} {ergonomic}
   size_t MinHeapSize                              = 104857600                                 {product} {command line}
   size_t NewSize                                  = 34603008                                  {product} {ergonomic}
    uintx NonNMethodCodeHeapSize                   = 5839372                                {pd product} {ergonomic}
    uintx NonProfiledCodeHeapSize                  = 122909434                              {pd product} {ergonomic}
   size_t OldSize                                  = 70254592                                  {product} {ergonomic}
    uintx ProfiledCodeHeapSize                     = 122909434                              {pd product} {ergonomic}
    uintx ReservedCodeCacheSize                    = 251658240                              {pd product} {ergonomic}
     bool SegmentedCodeCache                       = true                                      {product} {ergonomic}
   size_t SoftMaxHeapSize                          = 1073741824                             {manageable} {ergonomic}
     bool UseCompressedClassPointers               = true                           {product lp64_product} {ergonomic}
     bool UseCompressedOops                        = true                           {product lp64_product} {ergonomic}
     bool UseLargePagesIndividualAllocation        = false                                  {pd product} {ergonomic}
     bool UseParallelGC                            = true                                      {product} {command line}

Logging:
Log output configuration:
 #0: stdout all=off uptime,level,tags
 #1: stderr all=off uptime,level,tags

Environment Variables:
PATH=C:\Program Files (x86)\Common Files\Oracle\Java\javapath;C:\Windows\system32;C:\Windows;C:\Windows\System32\Wbem;C:\Windows\System32\WindowsPowerShell\v1.0\;C:\Program Files\Microsoft SQL Server\150\Tools\Binn\;C:\Program Files\Microsoft SQL Server\Client SDK\ODBC\170\Tools\Binn\;C:\Program Files\Git\cmd;C:\Program Files\Azure Data Studio\bin;C:\Program Files\nodejs\;C:\Program Files\Go\bin;C:\Program Files\dotnet\;C:\Program Files\RedHat\java-1.8.0-openjdk-1.8.0.352-2\bin;C:\Program Files\RedHat\java-1.8.0-openjdk-1.8.0.352-2\jre\bin;C:\Users\i\AppData\Local\Programs\Python\Python310\Scripts\;C:\Users\i\AppData\Local\Programs\Python\Python310\;C:\Users\i\AppData\Local\Microsoft\WindowsApps;C:\Users\i\AppData\Local\Programs\Microsoft VS Code\bin;C:\Users\i\.dotnet\tools;C:\Program Files\JetBrains\IntelliJ IDEA Community Edition 2022.1\bin;C:\Program Files\Azure Data Studio\bin;C:\Users\i\AppData\Roaming\npm;C:\Users\i\AppData\Local\JetBrains\Toolbox\scripts;C:\Users\i\go\bin;C:\Users\i\.dotnet\tools
USERNAME=i
OS=Windows_NT
PROCESSOR_IDENTIFIER=AMD64 Family 25 Model 80 Stepping 0, AuthenticAMD
TMP=C:\Users\i\AppData\Local\Temp
TEMP=C:\Users\i\AppData\Local\Temp



---------------  S Y S T E M  ---------------

OS:
 Windows 11 , 64 bit Build 22000 (10.0.22000.1219)
OS uptime: 0 days 3:08 hours
Hyper-V role detected

CPU: total 12 (initial active 12) (12 cores per cpu, 2 threads per core) family 25 model 80 stepping 0 microcode 0x0, cx8, cmov, fxsr, ht, mmx, 3dnowpref, sse, sse2, sse3, ssse3, sse4a, sse4.1, sse4.2, popcnt, lzcnt, tsc, tscinvbit, avx, avx2, aes, erms, clmul, bmi1, bmi2, adx, sha, fma, vzeroupper, clflush, clflushopt, hv

Memory: 4k page, system-wide physical 14229M (1929M free)
TotalPageFile size 14229M (AvailPageFile size 4M)
current process WorkingSet (physical memory assigned to process): 15M, peak: 15M
current process commit charge ("private bytes"): 164M, peak: 165M

vm_info: OpenJDK 64-Bit Server VM (17.0.5+8) for windows-amd64 JRE (17.0.5+8), built on Oct 19 2022 04:48:13 by "temurin" with MS VC++ 16.7 (VS2019)

END.
