#
# There is insufficient memory for the Java Runtime Environment to continue.
# Native memory allocation (mmap) failed to map 47185920 bytes for Failed to commit area from 0x000000072fa00000 to 0x0000000732700000 of length 47185920.
# Possible reasons:
#   The system is out of physical RAM or swap space
#   The process is running with CompressedOops enabled, and the Java Heap may be blocking the growth of the native heap
# Possible solutions:
#   Reduce memory load on the system
#   Increase physical memory or swap space
#   Check if swap backing store is full
#   Decrease Java heap size (-Xmx/-Xms)
#   Decrease number of Java threads
#   Decrease Java thread stack sizes (-Xss)
#   Set larger code cache with -XX:ReservedCodeCacheSize=
#   JVM is running with Zero Based Compressed Oops mode in which the Java heap is
#     placed in the first 32GB address space. The Java Heap base address is the
#     maximum limit for the native heap growth. Please use -XX:HeapBaseMinAddress
#     to set the Java Heap base and to place the Java Heap above 32GB virtual address.
# This output file may be truncated or incomplete.
#
#  Out of Memory Error (./src/hotspot/os/windows/os_windows.cpp:3619), pid=2028, tid=6044
#
# JRE version: OpenJDK Runtime Environment (11.0.13) (build 11.0.13+0-b1751.21-8125866)
# Java VM: OpenJDK 64-Bit Server VM (11.0.13+0-b1751.21-8125866, mixed mode, tiered, compressed oops, g1 gc, windows-amd64)
# No core dump will be written. Minidumps are not enabled by default on client versions of Windows
#

---------------  S U M M A R Y ------------

Command Line: org.jetbrains.kotlin.cli.jvm.K2JVMCompiler @C:\www\cotuca.unicamp.br\semesters\fourth\ds\mobile-mars\marte\app\build\20221205_14470922766860206322.compiler.options

Host: AMD Ryzen 5 5600G with Radeon Graphics         , 12 cores, 13G,  Windows 11 , 64 bit Build 22000 (10.0.22000.1219)
Time: Mon Dec  5 21:02:37 2022 E. South America Standard Time elapsed time: 2.817639 seconds (0d 0h 0m 2s)

---------------  T H R E A D  ---------------

Current thread (0x000002316fdb4000):  VMThread "VM Thread" [stack: 0x0000007fa2a00000,0x0000007fa2b00000] [id=6044]

Stack: [0x0000007fa2a00000,0x0000007fa2b00000]
[error occurred during error reporting (printing stack bounds), id 0xc0000005, EXCEPTION_ACCESS_VIOLATION (0xc0000005) at pc=0x0000023154e5112d]

Native frames: (J=compiled Java code, j=interpreted, Vv=VM code, C=native code)
V  [jvm.dll+0x6100fa]
V  [jvm.dll+0x747090]
V  [jvm.dll+0x7486ad]
V  [jvm.dll+0x748ce5]
V  [jvm.dll+0x748c9b]
V  [jvm.dll+0x60f224]
V  [jvm.dll+0x60f9b8]
C  [ntdll.dll+0xa8b1f]
C  [ntdll.dll+0x35b9a]
C  [ntdll.dll+0xa7b2e]
C  0x0000023154e5112d

VM_Operation (0x0000007fa24fcda0): G1CollectForAllocation, mode: safepoint, requested by thread 0x000002315132f800


---------------  P R O C E S S  ---------------

Threads class SMR info:
_java_thread_list=0x000002316ffaac60, length=12, elements={
0x000002315132f800, 0x000002316fdb7000, 0x000002316fdd8000, 0x000002316fdfb000,
0x000002316fdfc000, 0x000002316fdfd000, 0x000002316fe00000, 0x000002316fe4f800,
0x000002316fe55800, 0x000002316ffbc800, 0x000002316ffac800, 0x000002316ffad800
}

Java Threads: ( => current thread )
  0x000002315132f800 JavaThread "main" [_thread_blocked, id=8000, stack(0x0000007fa2400000,0x0000007fa2500000)]
  0x000002316fdb7000 JavaThread "Reference Handler" daemon [_thread_blocked, id=13076, stack(0x0000007fa2b00000,0x0000007fa2c00000)]
  0x000002316fdd8000 JavaThread "Finalizer" daemon [_thread_blocked, id=8404, stack(0x0000007fa2c00000,0x0000007fa2d00000)]
  0x000002316fdfb000 JavaThread "Signal Dispatcher" daemon [_thread_blocked, id=9044, stack(0x0000007fa2d00000,0x0000007fa2e00000)]
  0x000002316fdfc000 JavaThread "Attach Listener" daemon [_thread_blocked, id=10056, stack(0x0000007fa2e00000,0x0000007fa2f00000)]
  0x000002316fdfd000 JavaThread "Service Thread" daemon [_thread_blocked, id=4948, stack(0x0000007fa2f00000,0x0000007fa3000000)]
  0x000002316fe00000 JavaThread "C2 CompilerThread0" daemon [_thread_blocked, id=6952, stack(0x0000007fa3000000,0x0000007fa3100000)]
  0x000002316fe4f800 JavaThread "C1 CompilerThread0" daemon [_thread_blocked, id=7472, stack(0x0000007fa3100000,0x0000007fa3200000)]
  0x000002316fe55800 JavaThread "Sweeper thread" daemon [_thread_blocked, id=10012, stack(0x0000007fa3200000,0x0000007fa3300000)]
  0x000002316ffbc800 JavaThread "Common-Cleaner" daemon [_thread_blocked, id=1040, stack(0x0000007fa3400000,0x0000007fa3500000)]
  0x000002316ffac800 JavaThread "C2 CompilerThread1" daemon [_thread_in_native, id=9708, stack(0x0000007fa3500000,0x0000007fa3600000)]
  0x000002316ffad800 JavaThread "C2 CompilerThread2" daemon [_thread_in_native, id=11200, stack(0x0000007fa3600000,0x0000007fa3700000)]

Other Threads:
=>0x000002316fdb4000 VMThread "VM Thread" [stack: 0x0000007fa2a00000,0x0000007fa2b00000] [id=6044]
  0x000002316ffa6000 WatcherThread [stack: 0x0000007fa3300000,0x0000007fa3400000] [id=13456]
  0x0000023151346800 GCTaskThread "GC Thread#0" [stack: 0x0000007fa2500000,0x0000007fa2600000] [id=3092]
  0x0000023170705000 GCTaskThread "GC Thread#1" [stack: 0x0000007fa3700000,0x0000007fa3800000] [id=13220]
  0x0000023170708800 GCTaskThread "GC Thread#2" [stack: 0x0000007fa3800000,0x0000007fa3900000] [id=6012]
  0x0000023170709800 GCTaskThread "GC Thread#3" [stack: 0x0000007fa3900000,0x0000007fa3a00000] [id=6756]
  0x000002317070c800 GCTaskThread "GC Thread#4" [stack: 0x0000007fa3a00000,0x0000007fa3b00000] [id=12768]
  0x0000023151398800 ConcurrentGCThread "G1 Main Marker" [stack: 0x0000007fa2600000,0x0000007fa2700000] [id=2912]
  0x000002315139a800 ConcurrentGCThread "G1 Conc#0" [stack: 0x0000007fa2700000,0x0000007fa2800000] [id=10924]
  0x0000023170e9c800 ConcurrentGCThread "G1 Conc#1" [stack: 0x0000007fa3b00000,0x0000007fa3c00000] [id=8580]
  0x0000023171818800 ConcurrentGCThread "G1 Conc#2" [stack: 0x0000007fa3c00000,0x0000007fa3d00000] [id=12700]
  0x000002316f413800 ConcurrentGCThread "G1 Refine#0" [stack: 0x0000007fa2800000,0x0000007fa2900000] [id=8780]
  0x000002316f418800 ConcurrentGCThread "G1 Young RemSet Sampling" [stack: 0x0000007fa2900000,0x0000007fa2a00000] [id=2804]

Threads with active compile tasks:
C2 CompilerThread0   2822 5557       4       org.jetbrains.kotlin.resolve.OverridingUtil::collectOverriddenDeclarations (123 bytes)
C1 CompilerThread0   2822 5537       3       org.jetbrains.kotlin.resolve.DescriptorUtils::isSealedClass (41 bytes)
C2 CompilerThread1   2822 5275       4       org.jetbrains.org.objectweb.asm.ClassReader::readMethod (1061 bytes)
C2 CompilerThread2   2822 5509       4       java.lang.ClassLoader::defineClass (43 bytes)

VM state:at safepoint (normal execution)

VM Mutex/Monitor currently owned by a thread:  ([mutex/lock_event])
[0x000002315132c5e0] Threads_lock - owner thread: 0x000002316fdb4000
[0x000002315132c040] Heap_lock - owner thread: 0x000002315132f800

Heap address: 0x0000000721a00000, size: 3558 MB, Compressed Oops mode: Zero based, Oop shift amount: 3
Narrow klass base: 0x0000000800000000, Narrow klass shift: 0
Compressed class space size: 1073741824 Address: 0x0000000800000000

Heap:
 garbage-first heap   total 275456K, used 41123K [0x0000000721a00000, 0x0000000800000000)
  region size 1024K, 13 young (13312K), 13 survivors (13312K)
 Metaspace       used 54020K, capacity 54569K, committed 54736K, reserved 1097728K
  class space    used 6124K, capacity 6333K, committed 6396K, reserved 1048576K
Heap Regions: E=young(eden), S=young(survivor), O=old, HS=humongous(starts), HC=humongous(continues), CS=collection set, F=free, A=archive, TAMS=top-at-mark-start (previous, next)
|   0|0x0000000721a00000, 0x0000000721b00000, 0x0000000721b00000|100%|HS|  |TAMS 0x0000000721b00000, 0x0000000721a00000| Complete 
|   1|0x0000000721b00000, 0x0000000721c00000, 0x0000000721c00000|100%|HC|  |TAMS 0x0000000721c00000, 0x0000000721b00000| Complete 
|   2|0x0000000721c00000, 0x0000000721d00000, 0x0000000721d00000|100%|HC|  |TAMS 0x0000000721d00000, 0x0000000721c00000| Complete 
|   3|0x0000000721d00000, 0x0000000721e00000, 0x0000000721e00000|100%| O|  |TAMS 0x0000000721e00000, 0x0000000721d00000| Untracked 
|   4|0x0000000721e00000, 0x0000000721f00000, 0x0000000721f00000|100%| O|  |TAMS 0x0000000721f00000, 0x0000000721e00000| Untracked 
|   5|0x0000000721f00000, 0x0000000722000000, 0x0000000722000000|100%|HS|  |TAMS 0x0000000722000000, 0x0000000721f00000| Complete 
|   6|0x0000000722000000, 0x0000000722100000, 0x0000000722100000|100%|HC|  |TAMS 0x0000000722100000, 0x0000000722000000| Complete 
|   7|0x0000000722100000, 0x0000000722200000, 0x0000000722200000|100%|HC|  |TAMS 0x0000000722200000, 0x0000000722100000| Complete 
|   8|0x0000000722200000, 0x0000000722300000, 0x0000000722300000|100%| O|  |TAMS 0x0000000722200000, 0x0000000722200000| Untracked 
|   9|0x0000000722300000, 0x0000000722400000, 0x0000000722400000|100%| O|  |TAMS 0x0000000722300000, 0x0000000722300000| Untracked 
|  10|0x0000000722400000, 0x0000000722500000, 0x0000000722500000|100%| O|  |TAMS 0x0000000722500000, 0x0000000722400000| Untracked 
|  11|0x0000000722500000, 0x0000000722600000, 0x0000000722600000|100%| O|  |TAMS 0x0000000722600000, 0x0000000722500000| Untracked 
|  12|0x0000000722600000, 0x0000000722700000, 0x0000000722700000|100%| O|  |TAMS 0x0000000722700000, 0x0000000722600000| Untracked 
|  13|0x0000000722700000, 0x0000000722800000, 0x0000000722800000|100%| O|  |TAMS 0x0000000722800000, 0x0000000722700000| Untracked 
|  14|0x0000000722800000, 0x0000000722900000, 0x0000000722900000|100%| O|  |TAMS 0x0000000722900000, 0x0000000722800000| Untracked 
|  15|0x0000000722900000, 0x0000000722a00000, 0x0000000722a00000|100%| O|  |TAMS 0x00000007229e9200, 0x0000000722900000| Untracked 
|  16|0x0000000722a00000, 0x0000000722b00000, 0x0000000722b00000|100%| O|  |TAMS 0x0000000722a00000, 0x0000000722a00000| Untracked 
|  17|0x0000000722b00000, 0x0000000722c00000, 0x0000000722c00000|100%| O|  |TAMS 0x0000000722b00000, 0x0000000722b00000| Untracked 
|  18|0x0000000722c00000, 0x0000000722d00000, 0x0000000722d00000|100%| O|  |TAMS 0x0000000722c00000, 0x0000000722c00000| Untracked 
|  19|0x0000000722d00000, 0x0000000722e00000, 0x0000000722e00000|100%|HS|  |TAMS 0x0000000722d00000, 0x0000000722d00000| Complete 
|  20|0x0000000722e00000, 0x0000000722f00000, 0x0000000722f00000|100%|HC|  |TAMS 0x0000000722e00000, 0x0000000722e00000| Complete 
|  21|0x0000000722f00000, 0x0000000722f00000, 0x0000000723000000|  0%| F|  |TAMS 0x0000000722f00000, 0x0000000722f00000| Untracked 
|  22|0x0000000723000000, 0x0000000723100000, 0x0000000723100000|100%| O|  |TAMS 0x0000000723000000, 0x0000000723000000| Untracked 
|  23|0x0000000723100000, 0x0000000723200000, 0x0000000723200000|100%| O|  |TAMS 0x0000000723100000, 0x0000000723100000| Untracked 
|  24|0x0000000723200000, 0x0000000723300000, 0x0000000723300000|100%| O|  |TAMS 0x0000000723200000, 0x0000000723200000| Untracked 
|  25|0x0000000723300000, 0x0000000723400000, 0x0000000723400000|100%| O|  |TAMS 0x0000000723300000, 0x0000000723300000| Untracked 
|  26|0x0000000723400000, 0x0000000723500000, 0x0000000723500000|100%| O|  |TAMS 0x0000000723400000, 0x0000000723400000| Untracked 
|  27|0x0000000723500000, 0x0000000723600000, 0x0000000723600000|100%| O|  |TAMS 0x0000000723500000, 0x0000000723500000| Untracked 
|  28|0x0000000723600000, 0x0000000723628e00, 0x0000000723700000| 15%| O|  |TAMS 0x0000000723600000, 0x0000000723600000| Untracked 
|  29|0x0000000723700000, 0x0000000723700000, 0x0000000723800000|  0%| F|  |TAMS 0x0000000723700000, 0x0000000723700000| Untracked 
|  30|0x0000000723800000, 0x0000000723800000, 0x0000000723900000|  0%| F|  |TAMS 0x0000000723800000, 0x0000000723800000| Untracked 
|  31|0x0000000723900000, 0x0000000723900000, 0x0000000723a00000|  0%| F|  |TAMS 0x0000000723900000, 0x0000000723900000| Untracked 
|  32|0x0000000723a00000, 0x0000000723a00000, 0x0000000723b00000|  0%| F|  |TAMS 0x0000000723a00000, 0x0000000723a00000| Untracked 
|  33|0x0000000723b00000, 0x0000000723b00000, 0x0000000723c00000|  0%| F|  |TAMS 0x0000000723b00000, 0x0000000723b00000| Untracked 
|  34|0x0000000723c00000, 0x0000000723c00000, 0x0000000723d00000|  0%| F|  |TAMS 0x0000000723c00000, 0x0000000723c00000| Untracked 
|  35|0x0000000723d00000, 0x0000000723d00000, 0x0000000723e00000|  0%| F|  |TAMS 0x0000000723d00000, 0x0000000723d00000| Untracked 
|  36|0x0000000723e00000, 0x0000000723e00000, 0x0000000723f00000|  0%| F|  |TAMS 0x0000000723e00000, 0x0000000723e00000| Untracked 
|  37|0x0000000723f00000, 0x0000000723f00000, 0x0000000724000000|  0%| F|  |TAMS 0x0000000723f00000, 0x0000000723f00000| Untracked 
|  38|0x0000000724000000, 0x0000000724000000, 0x0000000724100000|  0%| F|  |TAMS 0x0000000724000000, 0x0000000724000000| Untracked 
|  39|0x0000000724100000, 0x0000000724100000, 0x0000000724200000|  0%| F|  |TAMS 0x0000000724100000, 0x0000000724100000| Untracked 
|  40|0x0000000724200000, 0x0000000724200000, 0x0000000724300000|  0%| F|  |TAMS 0x0000000724200000, 0x0000000724200000| Untracked 
|  41|0x0000000724300000, 0x0000000724300000, 0x0000000724400000|  0%| F|  |TAMS 0x0000000724300000, 0x0000000724300000| Untracked 
|  42|0x0000000724400000, 0x0000000724400000, 0x0000000724500000|  0%| F|  |TAMS 0x0000000724400000, 0x0000000724400000| Untracked 
|  43|0x0000000724500000, 0x0000000724500000, 0x0000000724600000|  0%| F|  |TAMS 0x0000000724500000, 0x0000000724500000| Untracked 
|  44|0x0000000724600000, 0x0000000724600000, 0x0000000724700000|  0%| F|  |TAMS 0x0000000724600000, 0x0000000724600000| Untracked 
|  45|0x0000000724700000, 0x0000000724700000, 0x0000000724800000|  0%| F|  |TAMS 0x0000000724700000, 0x0000000724700000| Untracked 
|  46|0x0000000724800000, 0x0000000724800000, 0x0000000724900000|  0%| F|  |TAMS 0x0000000724800000, 0x0000000724800000| Untracked 
|  47|0x0000000724900000, 0x0000000724900000, 0x0000000724a00000|  0%| F|  |TAMS 0x0000000724900000, 0x0000000724900000| Untracked 
|  48|0x0000000724a00000, 0x0000000724a00000, 0x0000000724b00000|  0%| F|  |TAMS 0x0000000724a00000, 0x0000000724a00000| Untracked 
|  49|0x0000000724b00000, 0x0000000724b00000, 0x0000000724c00000|  0%| F|  |TAMS 0x0000000724b00000, 0x0000000724b00000| Untracked 
|  50|0x0000000724c00000, 0x0000000724c00000, 0x0000000724d00000|  0%| F|  |TAMS 0x0000000724c00000, 0x0000000724c00000| Untracked 
|  51|0x0000000724d00000, 0x0000000724d00000, 0x0000000724e00000|  0%| F|  |TAMS 0x0000000724d00000, 0x0000000724d00000| Untracked 
|  52|0x0000000724e00000, 0x0000000724e00000, 0x0000000724f00000|  0%| F|  |TAMS 0x0000000724e00000, 0x0000000724e00000| Untracked 
|  53|0x0000000724f00000, 0x0000000724f00000, 0x0000000725000000|  0%| F|  |TAMS 0x0000000724f00000, 0x0000000724f00000| Untracked 
|  54|0x0000000725000000, 0x0000000725000000, 0x0000000725100000|  0%| F|  |TAMS 0x0000000725000000, 0x0000000725000000| Untracked 
|  55|0x0000000725100000, 0x0000000725100000, 0x0000000725200000|  0%| F|  |TAMS 0x0000000725100000, 0x0000000725100000| Untracked 
|  56|0x0000000725200000, 0x0000000725200000, 0x0000000725300000|  0%| F|  |TAMS 0x0000000725200000, 0x0000000725200000| Untracked 
|  57|0x0000000725300000, 0x0000000725300000, 0x0000000725400000|  0%| F|  |TAMS 0x0000000725300000, 0x0000000725300000| Untracked 
|  58|0x0000000725400000, 0x0000000725400000, 0x0000000725500000|  0%| F|  |TAMS 0x0000000725400000, 0x0000000725400000| Untracked 
|  59|0x0000000725500000, 0x0000000725500000, 0x0000000725600000|  0%| F|  |TAMS 0x0000000725500000, 0x0000000725500000| Untracked 
|  60|0x0000000725600000, 0x0000000725600000, 0x0000000725700000|  0%| F|  |TAMS 0x0000000725600000, 0x0000000725600000| Untracked 
|  61|0x0000000725700000, 0x0000000725700000, 0x0000000725800000|  0%| F|  |TAMS 0x0000000725700000, 0x0000000725700000| Untracked 
|  62|0x0000000725800000, 0x0000000725800000, 0x0000000725900000|  0%| F|  |TAMS 0x0000000725800000, 0x0000000725800000| Untracked 
|  63|0x0000000725900000, 0x0000000725900000, 0x0000000725a00000|  0%| F|  |TAMS 0x0000000725900000, 0x0000000725900000| Untracked 
|  64|0x0000000725a00000, 0x0000000725a00000, 0x0000000725b00000|  0%| F|  |TAMS 0x0000000725a00000, 0x0000000725a00000| Untracked 
|  65|0x0000000725b00000, 0x0000000725b00000, 0x0000000725c00000|  0%| F|  |TAMS 0x0000000725b00000, 0x0000000725b00000| Untracked 
|  66|0x0000000725c00000, 0x0000000725c00000, 0x0000000725d00000|  0%| F|  |TAMS 0x0000000725c00000, 0x0000000725c00000| Untracked 
|  67|0x0000000725d00000, 0x0000000725d00000, 0x0000000725e00000|  0%| F|  |TAMS 0x0000000725d00000, 0x0000000725d00000| Untracked 
|  68|0x0000000725e00000, 0x0000000725e00000, 0x0000000725f00000|  0%| F|  |TAMS 0x0000000725e00000, 0x0000000725e00000| Untracked 
|  69|0x0000000725f00000, 0x0000000725f00000, 0x0000000726000000|  0%| F|  |TAMS 0x0000000725f00000, 0x0000000725f00000| Untracked 
|  70|0x0000000726000000, 0x0000000726000000, 0x0000000726100000|  0%| F|  |TAMS 0x0000000726000000, 0x0000000726000000| Untracked 
|  71|0x0000000726100000, 0x0000000726100000, 0x0000000726200000|  0%| F|  |TAMS 0x0000000726100000, 0x0000000726100000| Untracked 
|  72|0x0000000726200000, 0x0000000726200000, 0x0000000726300000|  0%| F|  |TAMS 0x0000000726200000, 0x0000000726200000| Untracked 
|  73|0x0000000726300000, 0x0000000726300000, 0x0000000726400000|  0%| F|  |TAMS 0x0000000726300000, 0x0000000726300000| Untracked 
|  74|0x0000000726400000, 0x0000000726400000, 0x0000000726500000|  0%| F|  |TAMS 0x0000000726400000, 0x0000000726400000| Untracked 
|  75|0x0000000726500000, 0x0000000726500000, 0x0000000726600000|  0%| F|  |TAMS 0x0000000726500000, 0x0000000726500000| Untracked 
|  76|0x0000000726600000, 0x0000000726600000, 0x0000000726700000|  0%| F|  |TAMS 0x0000000726600000, 0x0000000726600000| Untracked 
|  77|0x0000000726700000, 0x0000000726700000, 0x0000000726800000|  0%| F|  |TAMS 0x0000000726700000, 0x0000000726700000| Untracked 
|  78|0x0000000726800000, 0x0000000726800000, 0x0000000726900000|  0%| F|  |TAMS 0x0000000726800000, 0x0000000726800000| Untracked 
|  79|0x0000000726900000, 0x0000000726900000, 0x0000000726a00000|  0%| F|  |TAMS 0x0000000726900000, 0x0000000726900000| Untracked 
|  80|0x0000000726a00000, 0x0000000726a00000, 0x0000000726b00000|  0%| F|  |TAMS 0x0000000726a00000, 0x0000000726a00000| Untracked 
|  81|0x0000000726b00000, 0x0000000726b00000, 0x0000000726c00000|  0%| F|  |TAMS 0x0000000726b00000, 0x0000000726b00000| Untracked 
|  82|0x0000000726c00000, 0x0000000726c00000, 0x0000000726d00000|  0%| F|  |TAMS 0x0000000726c00000, 0x0000000726c00000| Untracked 
|  83|0x0000000726d00000, 0x0000000726d00000, 0x0000000726e00000|  0%| F|  |TAMS 0x0000000726d00000, 0x0000000726d00000| Untracked 
|  84|0x0000000726e00000, 0x0000000726e00000, 0x0000000726f00000|  0%| F|  |TAMS 0x0000000726e00000, 0x0000000726e00000| Untracked 
|  85|0x0000000726f00000, 0x0000000726f00000, 0x0000000727000000|  0%| F|  |TAMS 0x0000000726f00000, 0x0000000726f00000| Untracked 
|  86|0x0000000727000000, 0x0000000727000000, 0x0000000727100000|  0%| F|  |TAMS 0x0000000727000000, 0x0000000727000000| Untracked 
|  87|0x0000000727100000, 0x0000000727100000, 0x0000000727200000|  0%| F|  |TAMS 0x0000000727100000, 0x0000000727100000| Untracked 
|  88|0x0000000727200000, 0x0000000727200000, 0x0000000727300000|  0%| F|  |TAMS 0x0000000727200000, 0x0000000727200000| Untracked 
|  89|0x0000000727300000, 0x0000000727300000, 0x0000000727400000|  0%| F|  |TAMS 0x0000000727300000, 0x0000000727300000| Untracked 
|  90|0x0000000727400000, 0x0000000727400000, 0x0000000727500000|  0%| F|  |TAMS 0x0000000727400000, 0x0000000727400000| Untracked 
|  91|0x0000000727500000, 0x0000000727500000, 0x0000000727600000|  0%| F|  |TAMS 0x0000000727500000, 0x0000000727500000| Untracked 
|  92|0x0000000727600000, 0x0000000727600000, 0x0000000727700000|  0%| F|  |TAMS 0x0000000727600000, 0x0000000727600000| Untracked 
|  93|0x0000000727700000, 0x0000000727700000, 0x0000000727800000|  0%| F|  |TAMS 0x0000000727700000, 0x0000000727700000| Untracked 
|  94|0x0000000727800000, 0x0000000727800000, 0x0000000727900000|  0%| F|  |TAMS 0x0000000727800000, 0x0000000727800000| Untracked 
|  95|0x0000000727900000, 0x0000000727900000, 0x0000000727a00000|  0%| F|  |TAMS 0x0000000727900000, 0x0000000727900000| Untracked 
|  96|0x0000000727a00000, 0x0000000727a00000, 0x0000000727b00000|  0%| F|  |TAMS 0x0000000727a00000, 0x0000000727a00000| Untracked 
|  97|0x0000000727b00000, 0x0000000727b00000, 0x0000000727c00000|  0%| F|  |TAMS 0x0000000727b00000, 0x0000000727b00000| Untracked 
|  98|0x0000000727c00000, 0x0000000727c00000, 0x0000000727d00000|  0%| F|  |TAMS 0x0000000727c00000, 0x0000000727c00000| Untracked 
|  99|0x0000000727d00000, 0x0000000727d00000, 0x0000000727e00000|  0%| F|  |TAMS 0x0000000727d00000, 0x0000000727d00000| Untracked 
| 100|0x0000000727e00000, 0x0000000727e00000, 0x0000000727f00000|  0%| F|  |TAMS 0x0000000727e00000, 0x0000000727e00000| Untracked 
| 101|0x0000000727f00000, 0x0000000727f00000, 0x0000000728000000|  0%| F|  |TAMS 0x0000000727f00000, 0x0000000727f00000| Untracked 
| 102|0x0000000728000000, 0x0000000728000000, 0x0000000728100000|  0%| F|  |TAMS 0x0000000728000000, 0x0000000728000000| Untracked 
| 103|0x0000000728100000, 0x0000000728100000, 0x0000000728200000|  0%| F|  |TAMS 0x0000000728100000, 0x0000000728100000| Untracked 
| 104|0x0000000728200000, 0x0000000728200000, 0x0000000728300000|  0%| F|  |TAMS 0x0000000728200000, 0x0000000728200000| Untracked 
| 105|0x0000000728300000, 0x0000000728300000, 0x0000000728400000|  0%| F|  |TAMS 0x0000000728300000, 0x0000000728300000| Untracked 
| 106|0x0000000728400000, 0x0000000728400000, 0x0000000728500000|  0%| F|  |TAMS 0x0000000728400000, 0x0000000728400000| Untracked 
| 107|0x0000000728500000, 0x0000000728500000, 0x0000000728600000|  0%| F|  |TAMS 0x0000000728500000, 0x0000000728500000| Untracked 
| 108|0x0000000728600000, 0x0000000728600000, 0x0000000728700000|  0%| F|  |TAMS 0x0000000728600000, 0x0000000728600000| Untracked 
| 109|0x0000000728700000, 0x0000000728700000, 0x0000000728800000|  0%| F|  |TAMS 0x0000000728700000, 0x0000000728700000| Untracked 
| 110|0x0000000728800000, 0x0000000728800000, 0x0000000728900000|  0%| F|  |TAMS 0x0000000728800000, 0x0000000728800000| Untracked 
| 111|0x0000000728900000, 0x0000000728900000, 0x0000000728a00000|  0%| F|  |TAMS 0x0000000728900000, 0x0000000728900000| Untracked 
| 112|0x0000000728a00000, 0x0000000728b00000, 0x0000000728b00000|100%| S|CS|TAMS 0x0000000728a00000, 0x0000000728a00000| Complete 
| 113|0x0000000728b00000, 0x0000000728c00000, 0x0000000728c00000|100%| S|CS|TAMS 0x0000000728b00000, 0x0000000728b00000| Complete 
| 114|0x0000000728c00000, 0x0000000728d00000, 0x0000000728d00000|100%| S|CS|TAMS 0x0000000728c00000, 0x0000000728c00000| Complete 
| 115|0x0000000728d00000, 0x0000000728e00000, 0x0000000728e00000|100%| S|CS|TAMS 0x0000000728d00000, 0x0000000728d00000| Complete 
| 116|0x0000000728e00000, 0x0000000728f00000, 0x0000000728f00000|100%| S|CS|TAMS 0x0000000728e00000, 0x0000000728e00000| Complete 
| 117|0x0000000728f00000, 0x0000000729000000, 0x0000000729000000|100%| S|CS|TAMS 0x0000000728f00000, 0x0000000728f00000| Complete 
| 118|0x0000000729000000, 0x0000000729100000, 0x0000000729100000|100%| S|CS|TAMS 0x0000000729000000, 0x0000000729000000| Complete 
| 119|0x0000000729100000, 0x0000000729200000, 0x0000000729200000|100%| S|CS|TAMS 0x0000000729100000, 0x0000000729100000| Complete 
| 120|0x0000000729200000, 0x0000000729300000, 0x0000000729300000|100%| S|CS|TAMS 0x0000000729200000, 0x0000000729200000| Complete 
| 121|0x0000000729300000, 0x0000000729400000, 0x0000000729400000|100%| S|CS|TAMS 0x0000000729300000, 0x0000000729300000| Complete 
| 122|0x0000000729400000, 0x0000000729500000, 0x0000000729500000|100%| S|CS|TAMS 0x0000000729400000, 0x0000000729400000| Complete 
| 123|0x0000000729500000, 0x0000000729600000, 0x0000000729600000|100%| S|CS|TAMS 0x0000000729500000, 0x0000000729500000| Complete 
| 124|0x0000000729600000, 0x0000000729700000, 0x0000000729700000|100%| S|CS|TAMS 0x0000000729600000, 0x0000000729600000| Complete 
| 125|0x0000000729700000, 0x0000000729700000, 0x0000000729800000|  0%| F|  |TAMS 0x0000000729700000, 0x0000000729700000| Untracked 
| 126|0x0000000729800000, 0x0000000729800000, 0x0000000729900000|  0%| F|  |TAMS 0x0000000729800000, 0x0000000729800000| Untracked 
| 127|0x0000000729900000, 0x0000000729900000, 0x0000000729a00000|  0%| F|  |TAMS 0x0000000729900000, 0x0000000729900000| Untracked 
| 128|0x0000000729a00000, 0x0000000729a00000, 0x0000000729b00000|  0%| F|  |TAMS 0x0000000729a00000, 0x0000000729a00000| Untracked 
| 129|0x0000000729b00000, 0x0000000729b00000, 0x0000000729c00000|  0%| F|  |TAMS 0x0000000729b00000, 0x0000000729b00000| Untracked 
| 130|0x0000000729c00000, 0x0000000729c00000, 0x0000000729d00000|  0%| F|  |TAMS 0x0000000729c00000, 0x0000000729c00000| Untracked 
| 131|0x0000000729d00000, 0x0000000729d00000, 0x0000000729e00000|  0%| F|  |TAMS 0x0000000729d00000, 0x0000000729d00000| Untracked 
| 132|0x0000000729e00000, 0x0000000729e00000, 0x0000000729f00000|  0%| F|  |TAMS 0x0000000729e00000, 0x0000000729e00000| Untracked 
| 133|0x0000000729f00000, 0x0000000729f00000, 0x000000072a000000|  0%| F|  |TAMS 0x0000000729f00000, 0x0000000729f00000| Untracked 
| 134|0x000000072a000000, 0x000000072a000000, 0x000000072a100000|  0%| F|  |TAMS 0x000000072a000000, 0x000000072a000000| Untracked 
| 135|0x000000072a100000, 0x000000072a100000, 0x000000072a200000|  0%| F|  |TAMS 0x000000072a100000, 0x000000072a100000| Untracked 
| 136|0x000000072a200000, 0x000000072a200000, 0x000000072a300000|  0%| F|  |TAMS 0x000000072a200000, 0x000000072a200000| Untracked 
| 137|0x000000072a300000, 0x000000072a300000, 0x000000072a400000|  0%| F|  |TAMS 0x000000072a300000, 0x000000072a300000| Untracked 
| 138|0x000000072a400000, 0x000000072a400000, 0x000000072a500000|  0%| F|  |TAMS 0x000000072a400000, 0x000000072a400000| Untracked 
| 139|0x000000072a500000, 0x000000072a500000, 0x000000072a600000|  0%| F|  |TAMS 0x000000072a500000, 0x000000072a500000| Untracked 
| 140|0x000000072a600000, 0x000000072a600000, 0x000000072a700000|  0%| F|  |TAMS 0x000000072a600000, 0x000000072a600000| Untracked 
| 141|0x000000072a700000, 0x000000072a700000, 0x000000072a800000|  0%| F|  |TAMS 0x000000072a700000, 0x000000072a700000| Untracked 
| 142|0x000000072a800000, 0x000000072a800000, 0x000000072a900000|  0%| F|  |TAMS 0x000000072a800000, 0x000000072a800000| Untracked 
| 143|0x000000072a900000, 0x000000072a900000, 0x000000072aa00000|  0%| F|  |TAMS 0x000000072a900000, 0x000000072a900000| Untracked 
| 144|0x000000072aa00000, 0x000000072aa00000, 0x000000072ab00000|  0%| F|  |TAMS 0x000000072aa00000, 0x000000072aa00000| Untracked 
| 145|0x000000072ab00000, 0x000000072ab00000, 0x000000072ac00000|  0%| F|  |TAMS 0x000000072ab00000, 0x000000072ab00000| Untracked 
| 146|0x000000072ac00000, 0x000000072ac00000, 0x000000072ad00000|  0%| F|  |TAMS 0x000000072ac00000, 0x000000072ac00000| Untracked 
| 147|0x000000072ad00000, 0x000000072ad00000, 0x000000072ae00000|  0%| F|  |TAMS 0x000000072ad00000, 0x000000072ad00000| Untracked 
| 148|0x000000072ae00000, 0x000000072ae00000, 0x000000072af00000|  0%| F|  |TAMS 0x000000072ae00000, 0x000000072ae00000| Untracked 
| 149|0x000000072af00000, 0x000000072af00000, 0x000000072b000000|  0%| F|  |TAMS 0x000000072af00000, 0x000000072af00000| Untracked 
| 150|0x000000072b000000, 0x000000072b000000, 0x000000072b100000|  0%| F|  |TAMS 0x000000072b000000, 0x000000072b000000| Untracked 
| 151|0x000000072b100000, 0x000000072b100000, 0x000000072b200000|  0%| F|  |TAMS 0x000000072b100000, 0x000000072b100000| Untracked 
| 152|0x000000072b200000, 0x000000072b200000, 0x000000072b300000|  0%| F|  |TAMS 0x000000072b200000, 0x000000072b200000| Untracked 
| 153|0x000000072b300000, 0x000000072b300000, 0x000000072b400000|  0%| F|  |TAMS 0x000000072b300000, 0x000000072b300000| Untracked 
| 154|0x000000072b400000, 0x000000072b400000, 0x000000072b500000|  0%| F|  |TAMS 0x000000072b400000, 0x000000072b400000| Untracked 
| 155|0x000000072b500000, 0x000000072b500000, 0x000000072b600000|  0%| F|  |TAMS 0x000000072b500000, 0x000000072b500000| Untracked 
| 156|0x000000072b600000, 0x000000072b600000, 0x000000072b700000|  0%| F|  |TAMS 0x000000072b600000, 0x000000072b600000| Untracked 
| 157|0x000000072b700000, 0x000000072b700000, 0x000000072b800000|  0%| F|  |TAMS 0x000000072b700000, 0x000000072b700000| Untracked 
| 158|0x000000072b800000, 0x000000072b800000, 0x000000072b900000|  0%| F|  |TAMS 0x000000072b800000, 0x000000072b800000| Untracked 
| 159|0x000000072b900000, 0x000000072b900000, 0x000000072ba00000|  0%| F|  |TAMS 0x000000072b900000, 0x000000072b900000| Untracked 
| 160|0x000000072ba00000, 0x000000072ba00000, 0x000000072bb00000|  0%| F|  |TAMS 0x000000072ba00000, 0x000000072ba00000| Untracked 
| 161|0x000000072bb00000, 0x000000072bb00000, 0x000000072bc00000|  0%| F|  |TAMS 0x000000072bb00000, 0x000000072bb00000| Untracked 
| 162|0x000000072bc00000, 0x000000072bc00000, 0x000000072bd00000|  0%| F|  |TAMS 0x000000072bc00000, 0x000000072bc00000| Untracked 
| 163|0x000000072bd00000, 0x000000072bd00000, 0x000000072be00000|  0%| F|  |TAMS 0x000000072bd00000, 0x000000072bd00000| Untracked 
| 164|0x000000072be00000, 0x000000072be00000, 0x000000072bf00000|  0%| F|  |TAMS 0x000000072be00000, 0x000000072be00000| Untracked 
| 165|0x000000072bf00000, 0x000000072bf00000, 0x000000072c000000|  0%| F|  |TAMS 0x000000072bf00000, 0x000000072bf00000| Untracked 
| 166|0x000000072c000000, 0x000000072c000000, 0x000000072c100000|  0%| F|  |TAMS 0x000000072c000000, 0x000000072c000000| Untracked 
| 167|0x000000072c100000, 0x000000072c100000, 0x000000072c200000|  0%| F|  |TAMS 0x000000072c100000, 0x000000072c100000| Untracked 
| 168|0x000000072c200000, 0x000000072c200000, 0x000000072c300000|  0%| F|  |TAMS 0x000000072c200000, 0x000000072c200000| Untracked 
| 169|0x000000072c300000, 0x000000072c300000, 0x000000072c400000|  0%| F|  |TAMS 0x000000072c300000, 0x000000072c300000| Untracked 
| 170|0x000000072c400000, 0x000000072c400000, 0x000000072c500000|  0%| F|  |TAMS 0x000000072c400000, 0x000000072c400000| Untracked 
| 171|0x000000072c500000, 0x000000072c500000, 0x000000072c600000|  0%| F|  |TAMS 0x000000072c500000, 0x000000072c500000| Untracked 
| 172|0x000000072c600000, 0x000000072c600000, 0x000000072c700000|  0%| F|  |TAMS 0x000000072c600000, 0x000000072c600000| Untracked 
| 173|0x000000072c700000, 0x000000072c700000, 0x000000072c800000|  0%| F|  |TAMS 0x000000072c700000, 0x000000072c700000| Untracked 
| 174|0x000000072c800000, 0x000000072c800000, 0x000000072c900000|  0%| F|  |TAMS 0x000000072c800000, 0x000000072c800000| Untracked 
| 175|0x000000072c900000, 0x000000072c900000, 0x000000072ca00000|  0%| F|  |TAMS 0x000000072c900000, 0x000000072c900000| Untracked 
| 176|0x000000072ca00000, 0x000000072ca00000, 0x000000072cb00000|  0%| F|  |TAMS 0x000000072ca00000, 0x000000072ca00000| Untracked 
| 177|0x000000072cb00000, 0x000000072cb00000, 0x000000072cc00000|  0%| F|  |TAMS 0x000000072cb00000, 0x000000072cb00000| Untracked 
| 178|0x000000072cc00000, 0x000000072cc00000, 0x000000072cd00000|  0%| F|  |TAMS 0x000000072cc00000, 0x000000072cc00000| Untracked 
| 179|0x000000072cd00000, 0x000000072cd00000, 0x000000072ce00000|  0%| F|  |TAMS 0x000000072cd00000, 0x000000072cd00000| Untracked 
| 180|0x000000072ce00000, 0x000000072ce00000, 0x000000072cf00000|  0%| F|  |TAMS 0x000000072ce00000, 0x000000072ce00000| Untracked 
| 181|0x000000072cf00000, 0x000000072cf00000, 0x000000072d000000|  0%| F|  |TAMS 0x000000072cf00000, 0x000000072cf00000| Untracked 
| 182|0x000000072d000000, 0x000000072d000000, 0x000000072d100000|  0%| F|  |TAMS 0x000000072d000000, 0x000000072d000000| Untracked 
| 183|0x000000072d100000, 0x000000072d100000, 0x000000072d200000|  0%| F|  |TAMS 0x000000072d100000, 0x000000072d100000| Untracked 
| 184|0x000000072d200000, 0x000000072d200000, 0x000000072d300000|  0%| F|  |TAMS 0x000000072d200000, 0x000000072d200000| Untracked 
| 185|0x000000072d300000, 0x000000072d300000, 0x000000072d400000|  0%| F|  |TAMS 0x000000072d300000, 0x000000072d300000| Untracked 
| 186|0x000000072d400000, 0x000000072d400000, 0x000000072d500000|  0%| F|  |TAMS 0x000000072d400000, 0x000000072d400000| Untracked 
| 187|0x000000072d500000, 0x000000072d500000, 0x000000072d600000|  0%| F|  |TAMS 0x000000072d500000, 0x000000072d500000| Untracked 
| 188|0x000000072d600000, 0x000000072d600000, 0x000000072d700000|  0%| F|  |TAMS 0x000000072d600000, 0x000000072d600000| Untracked 
| 189|0x000000072d700000, 0x000000072d700000, 0x000000072d800000|  0%| F|  |TAMS 0x000000072d700000, 0x000000072d700000| Untracked 
| 190|0x000000072d800000, 0x000000072d800000, 0x000000072d900000|  0%| F|  |TAMS 0x000000072d800000, 0x000000072d800000| Untracked 
| 191|0x000000072d900000, 0x000000072d900000, 0x000000072da00000|  0%| F|  |TAMS 0x000000072d900000, 0x000000072d900000| Untracked 
| 192|0x000000072da00000, 0x000000072da00000, 0x000000072db00000|  0%| F|  |TAMS 0x000000072da00000, 0x000000072da00000| Untracked 
| 193|0x000000072db00000, 0x000000072db00000, 0x000000072dc00000|  0%| F|  |TAMS 0x000000072db00000, 0x000000072db00000| Untracked 
| 194|0x000000072dc00000, 0x000000072dc00000, 0x000000072dd00000|  0%| F|  |TAMS 0x000000072dc00000, 0x000000072dc00000| Untracked 
| 195|0x000000072dd00000, 0x000000072dd00000, 0x000000072de00000|  0%| F|  |TAMS 0x000000072dd00000, 0x000000072dd00000| Untracked 
| 196|0x000000072de00000, 0x000000072de00000, 0x000000072df00000|  0%| F|  |TAMS 0x000000072de00000, 0x000000072de00000| Untracked 
| 197|0x000000072df00000, 0x000000072df00000, 0x000000072e000000|  0%| F|  |TAMS 0x000000072df00000, 0x000000072df00000| Untracked 
| 198|0x000000072e000000, 0x000000072e000000, 0x000000072e100000|  0%| F|  |TAMS 0x000000072e000000, 0x000000072e000000| Untracked 
| 199|0x000000072e100000, 0x000000072e100000, 0x000000072e200000|  0%| F|  |TAMS 0x000000072e100000, 0x000000072e100000| Untracked 
| 200|0x000000072e200000, 0x000000072e200000, 0x000000072e300000|  0%| F|  |TAMS 0x000000072e200000, 0x000000072e200000| Untracked 
| 201|0x000000072e300000, 0x000000072e300000, 0x000000072e400000|  0%| F|  |TAMS 0x000000072e300000, 0x000000072e300000| Untracked 
| 202|0x000000072e400000, 0x000000072e400000, 0x000000072e500000|  0%| F|  |TAMS 0x000000072e400000, 0x000000072e400000| Untracked 
| 203|0x000000072e500000, 0x000000072e500000, 0x000000072e600000|  0%| F|  |TAMS 0x000000072e500000, 0x000000072e500000| Untracked 
| 204|0x000000072e600000, 0x000000072e600000, 0x000000072e700000|  0%| F|  |TAMS 0x000000072e600000, 0x000000072e600000| Untracked 
| 205|0x000000072e700000, 0x000000072e700000, 0x000000072e800000|  0%| F|  |TAMS 0x000000072e700000, 0x000000072e700000| Untracked 
| 206|0x000000072e800000, 0x000000072e800000, 0x000000072e900000|  0%| F|  |TAMS 0x000000072e800000, 0x000000072e800000| Untracked 
| 207|0x000000072e900000, 0x000000072e900000, 0x000000072ea00000|  0%| F|  |TAMS 0x000000072e900000, 0x000000072e900000| Untracked 
| 208|0x000000072ea00000, 0x000000072ea00000, 0x000000072eb00000|  0%| F|  |TAMS 0x000000072ea00000, 0x000000072ea00000| Untracked 
| 209|0x000000072eb00000, 0x000000072eb00000, 0x000000072ec00000|  0%| F|  |TAMS 0x000000072eb00000, 0x000000072eb00000| Untracked 
| 210|0x000000072ec00000, 0x000000072ec00000, 0x000000072ed00000|  0%| F|  |TAMS 0x000000072ec00000, 0x000000072ec00000| Untracked 
| 211|0x000000072ed00000, 0x000000072ed00000, 0x000000072ee00000|  0%| F|  |TAMS 0x000000072ed00000, 0x000000072ed00000| Untracked 
| 212|0x000000072ee00000, 0x000000072ee00000, 0x000000072ef00000|  0%| F|  |TAMS 0x000000072ee00000, 0x000000072ee00000| Untracked 
| 213|0x000000072ef00000, 0x000000072ef00000, 0x000000072f000000|  0%| F|  |TAMS 0x000000072ef00000, 0x000000072ef00000| Untracked 
| 214|0x000000072f000000, 0x000000072f000000, 0x000000072f100000|  0%| F|  |TAMS 0x000000072f000000, 0x000000072f000000| Untracked 
| 215|0x000000072f100000, 0x000000072f100000, 0x000000072f200000|  0%| F|  |TAMS 0x000000072f100000, 0x000000072f100000| Untracked 
| 216|0x000000072f200000, 0x000000072f200000, 0x000000072f300000|  0%| F|  |TAMS 0x000000072f200000, 0x000000072f200000| Untracked 
| 217|0x000000072f300000, 0x000000072f300000, 0x000000072f400000|  0%| F|  |TAMS 0x000000072f300000, 0x000000072f300000| Untracked 
| 218|0x000000072f400000, 0x000000072f400000, 0x000000072f500000|  0%| F|  |TAMS 0x000000072f400000, 0x000000072f400000| Untracked 
| 219|0x000000072f500000, 0x000000072f500000, 0x000000072f600000|  0%| F|  |TAMS 0x000000072f500000, 0x000000072f500000| Untracked 
| 220|0x000000072f600000, 0x000000072f600000, 0x000000072f700000|  0%| F|  |TAMS 0x000000072f600000, 0x000000072f600000| Untracked 
| 221|0x000000072f700000, 0x000000072f700000, 0x000000072f800000|  0%| F|  |TAMS 0x000000072f700000, 0x000000072f700000| Untracked 
| 222|0x000000072f800000, 0x000000072f800000, 0x000000072f900000|  0%| F|  |TAMS 0x000000072f800000, 0x000000072f800000| Untracked 
| 223|0x000000072f900000, 0x000000072f900000, 0x000000072fa00000|  0%| F|  |TAMS 0x000000072f900000, 0x000000072f900000| Untracked 

Card table byte_map: [0x0000023164aa0000,0x00000231651a0000] _byte_map_base: 0x0000023161193000

Marking Bits (Prev, Next): (CMBitMap*) 0x0000023151389888, (CMBitMap*) 0x00000231513898c0
 Prev Bits: [0x00000231658a0000, 0x0000023169038000)
 Next Bits: [0x0000023169040000, 0x000002316c7d8000)

Polling page: 0x000002314f1e0000

Metaspace:

Usage:
  Non-class:     47.11 MB capacity,    46.77 MB (>99%) used,   260.36 KB ( <1%) free+waste,    79.88 KB ( <1%) overhead. 
      Class:      6.18 MB capacity,     5.98 MB ( 97%) used,   174.09 KB (  3%) free+waste,    34.00 KB ( <1%) overhead. 
       Both:     53.29 MB capacity,    52.75 MB ( 99%) used,   434.45 KB ( <1%) free+waste,   113.88 KB ( <1%) overhead. 

Virtual space:
  Non-class space:       48.00 MB reserved,      47.21 MB ( 98%) committed 
      Class space:        1.00 GB reserved,       6.25 MB ( <1%) committed 
             Both:        1.05 GB reserved,      53.45 MB (  5%) committed 

Chunk freelists:
   Non-Class:  40.00 KB
       Class:  3.00 KB
        Both:  43.00 KB

MaxMetaspaceSize: 17179869184.00 GB
CompressedClassSpaceSize: 1.00 GB
Initial GC threshold: 20.80 MB
Current GC threshold: 59.09 MB
CDS: off

CodeHeap 'non-profiled nmethods': size=120000Kb used=2712Kb max_used=2712Kb free=117287Kb
 bounds [0x000002315c920000, 0x000002315cbd0000, 0x0000023163e50000]
CodeHeap 'profiled nmethods': size=120000Kb used=13848Kb max_used=13848Kb free=106151Kb
 bounds [0x00000231553f0000, 0x0000023156180000, 0x000002315c920000]
CodeHeap 'non-nmethods': size=5760Kb used=1287Kb max_used=1328Kb free=4472Kb
 bounds [0x0000023154e50000, 0x00000231550c0000, 0x00000231553f0000]
 total_blobs=6112 nmethods=5539 adapters=485
 compilation: enabled
              stopped_count=0, restarted_count=0
 full_count=0

Compilation events (20 events):
Event: 2.802 Thread 0x000002316fe00000 5555       4       org.jetbrains.kotlin.resolve.DescriptorUtils::getContainingModuleOrNull (54 bytes)
Event: 2.802 Thread 0x000002316fe4f800 nmethod 5532 0x000002315616e190 code [0x000002315616e480, 0x000002315616f5a8]
Event: 2.802 Thread 0x000002316fe4f800 5533       3       org.jetbrains.kotlin.com.google.common.collect.Maps::newLinkedHashMap (8 bytes)
Event: 2.803 Thread 0x000002316fe4f800 nmethod 5533 0x000002315616fa10 code [0x000002315616fbe0, 0x000002315616feb8]
Event: 2.803 Thread 0x000002316fe4f800 5534       3       org.jetbrains.kotlin.resolve.OverridingUtil::getOverriddenDeclarations (33 bytes)
Event: 2.803 Thread 0x000002316fe4f800 nmethod 5534 0x0000023156170010 code [0x0000023156170240, 0x00000231561707c8]
Event: 2.803 Thread 0x000002316fe4f800 5539       3       org.jetbrains.kotlin.resolve.OverrideResolver$Companion::computeRelevantDirectlyOverridden (82 bytes)
Event: 2.804 Thread 0x000002316fe4f800 nmethod 5539 0x0000023156170a10 code [0x0000023156170dc0, 0x00000231561724a8]
Event: 2.804 Thread 0x000002316fe4f800 5541       3       org.jetbrains.kotlin.com.google.common.collect.Sets::newLinkedHashSet (31 bytes)
Event: 2.804 Thread 0x000002316fe00000 nmethod 5555 0x000002315cbc5d10 code [0x000002315cbc5ec0, 0x000002315cbc6018]
Event: 2.804 Thread 0x000002316fe00000 5557       4       org.jetbrains.kotlin.resolve.OverridingUtil::collectOverriddenDeclarations (123 bytes)
Event: 2.804 Thread 0x000002316fe4f800 nmethod 5541 0x0000023156172b90 code [0x0000023156172e60, 0x0000023156173ca8]
Event: 2.804 Thread 0x000002316fe4f800 5544       3       org.jetbrains.kotlin.com.google.common.collect.Collections2::cast (5 bytes)
Event: 2.804 Thread 0x000002316fe4f800 nmethod 5544 0x0000023156174190 code [0x0000023156174340, 0x0000023156174538]
Event: 2.804 Thread 0x000002316fe4f800 5547       3       gnu.trove.THashSet::<init> (5 bytes)
Event: 2.804 Thread 0x000002316fe4f800 nmethod 5547 0x0000023156174610 code [0x0000023156174800, 0x0000023156174a68]
Event: 2.804 Thread 0x000002316fe4f800 5543       3       org.jetbrains.kotlin.com.intellij.util.containers.SmartHashSet::<init> (5 bytes)
Event: 2.804 Thread 0x000002316fe4f800 nmethod 5543 0x0000023156174b90 code [0x0000023156174d80, 0x0000023156175048]
Event: 2.804 Thread 0x000002316fe4f800 5537       3       org.jetbrains.kotlin.resolve.DescriptorUtils::isSealedClass (41 bytes)
Event: 2.805 Thread 0x000002316fe4f800 nmethod 5537 0x0000023156175190 code [0x00000231561753e0, 0x0000023156175fa8]

GC Heap History (11 events):
Event: 0.355 GC heap before
{Heap before GC invocations=0 (full 0):
 garbage-first heap   total 229376K, used 27648K [0x0000000721a00000, 0x0000000800000000)
  region size 1024K, 24 young (24576K), 0 survivors (0K)
 Metaspace       used 12186K, capacity 12286K, committed 12416K, reserved 1060864K
  class space    used 1095K, capacity 1113K, committed 1152K, reserved 1048576K
}
Event: 0.356 GC heap after
{Heap after GC invocations=1 (full 0):
 garbage-first heap   total 229376K, used 6284K [0x0000000721a00000, 0x0000000800000000)
  region size 1024K, 3 young (3072K), 3 survivors (3072K)
 Metaspace       used 12186K, capacity 12286K, committed 12416K, reserved 1060864K
  class space    used 1095K, capacity 1113K, committed 1152K, reserved 1048576K
}
Event: 0.750 GC heap before
{Heap before GC invocations=1 (full 0):
 garbage-first heap   total 229376K, used 43148K [0x0000000721a00000, 0x0000000800000000)
  region size 1024K, 40 young (40960K), 3 survivors (3072K)
 Metaspace       used 20989K, capacity 21202K, committed 21296K, reserved 1069056K
  class space    used 2222K, capacity 2309K, committed 2352K, reserved 1048576K
}
Event: 0.757 GC heap after
{Heap after GC invocations=2 (full 0):
 garbage-first heap   total 229376K, used 9720K [0x0000000721a00000, 0x0000000800000000)
  region size 1024K, 7 young (7168K), 7 survivors (7168K)
 Metaspace       used 20989K, capacity 21202K, committed 21296K, reserved 1069056K
  class space    used 2222K, capacity 2309K, committed 2352K, reserved 1048576K
}
Event: 1.287 GC heap before
{Heap before GC invocations=3 (full 0):
 garbage-first heap   total 229376K, used 67064K [0x0000000721a00000, 0x0000000800000000)
  region size 1024K, 58 young (59392K), 7 survivors (7168K)
 Metaspace       used 33282K, capacity 33738K, committed 33788K, reserved 1079296K
  class space    used 4134K, capacity 4307K, committed 4348K, reserved 1048576K
}
Event: 1.294 GC heap after
{Heap after GC invocations=4 (full 0):
 garbage-first heap   total 229376K, used 20932K [0x0000000721a00000, 0x0000000800000000)
  region size 1024K, 8 young (8192K), 8 survivors (8192K)
 Metaspace       used 33282K, capacity 33738K, committed 33788K, reserved 1079296K
  class space    used 4134K, capacity 4307K, committed 4348K, reserved 1048576K
}
Event: 1.406 GC heap before
{Heap before GC invocations=4 (full 0):
 garbage-first heap   total 229376K, used 33220K [0x0000000721a00000, 0x0000000800000000)
  region size 1024K, 21 young (21504K), 8 survivors (8192K)
 Metaspace       used 35581K, capacity 35989K, committed 36048K, reserved 1081344K
  class space    used 4387K, capacity 4567K, committed 4604K, reserved 1048576K
}
Event: 1.410 GC heap after
{Heap after GC invocations=5 (full 0):
 garbage-first heap   total 229376K, used 21412K [0x0000000721a00000, 0x0000000800000000)
  region size 1024K, 7 young (7168K), 7 survivors (7168K)
 Metaspace       used 35581K, capacity 35989K, committed 36048K, reserved 1081344K
  class space    used 4387K, capacity 4567K, committed 4604K, reserved 1048576K
}
Event: 2.029 GC heap before
{Heap before GC invocations=6 (full 0):
 garbage-first heap   total 229376K, used 79780K [0x0000000721a00000, 0x0000000800000000)
  region size 1024K, 64 young (65536K), 7 survivors (7168K)
 Metaspace       used 48443K, capacity 48990K, committed 49232K, reserved 1093632K
  class space    used 5700K, capacity 5925K, committed 6012K, reserved 1048576K
}
Event: 2.035 GC heap after
{Heap after GC invocations=7 (full 0):
 garbage-first heap   total 229376K, used 26789K [0x0000000721a00000, 0x0000000800000000)
  region size 1024K, 8 young (8192K), 8 survivors (8192K)
 Metaspace       used 48443K, capacity 48990K, committed 49232K, reserved 1093632K
  class space    used 5700K, capacity 5925K, committed 6012K, reserved 1048576K
}
Event: 2.805 GC heap before
{Heap before GC invocations=7 (full 0):
 garbage-first heap   total 229376K, used 123045K [0x0000000721a00000, 0x0000000800000000)
  region size 1024K, 99 young (101376K), 8 survivors (8192K)
 Metaspace       used 54020K, capacity 54569K, committed 54736K, reserved 1097728K
  class space    used 6124K, capacity 6333K, committed 6396K, reserved 1048576K
}

Deoptimization events (20 events):
Event: 2.760 Thread 0x000002315132f800 Uncommon trap: trap_request=0xffffffc6 fr.pc=0x000002315cbac2d0 relative=0x0000000000001030
Event: 2.760 Thread 0x000002315132f800 Uncommon trap: reason=bimorphic_or_optimized_type_check action=maybe_recompile pc=0x000002315cbac2d0 method=kotlin.collections.CollectionsKt___CollectionsKt.toSet(Ljava/lang/Iterable;)Ljava/util/Set; @ 71 c2
Event: 2.760 Thread 0x000002315132f800 DEOPT PACKING pc=0x000002315cbac2d0 sp=0x0000007fa24fd5f0
Event: 2.760 Thread 0x000002315132f800 DEOPT UNPACKING pc=0x0000023154e9a1af sp=0x0000007fa24fd5e0 mode 2
Event: 2.768 Thread 0x000002315132f800 Uncommon trap: trap_request=0xffffffbe fr.pc=0x000002315cbb93f8 relative=0x00000000000004b8
Event: 2.768 Thread 0x000002315132f800 Uncommon trap: reason=profile_predicate action=maybe_recompile pc=0x000002315cbb93f8 method=java.util.Arrays$ArrayList.indexOf(Ljava/lang/Object;)I @ 39 c2
Event: 2.768 Thread 0x000002315132f800 DEOPT PACKING pc=0x000002315cbb93f8 sp=0x0000007fa24fbf90
Event: 2.768 Thread 0x000002315132f800 DEOPT UNPACKING pc=0x0000023154e9a1af sp=0x0000007fa24fbf28 mode 2
Event: 2.768 Thread 0x000002315132f800 Uncommon trap: trap_request=0xffffffbe fr.pc=0x000002315cbb93f8 relative=0x00000000000004b8
Event: 2.768 Thread 0x000002315132f800 Uncommon trap: reason=profile_predicate action=maybe_recompile pc=0x000002315cbb93f8 method=java.util.Arrays$ArrayList.indexOf(Ljava/lang/Object;)I @ 39 c2
Event: 2.768 Thread 0x000002315132f800 DEOPT PACKING pc=0x000002315cbb93f8 sp=0x0000007fa24fc3b0
Event: 2.768 Thread 0x000002315132f800 DEOPT UNPACKING pc=0x0000023154e9a1af sp=0x0000007fa24fc348 mode 2
Event: 2.768 Thread 0x000002315132f800 Uncommon trap: trap_request=0xffffffbe fr.pc=0x000002315cbb93f8 relative=0x00000000000004b8
Event: 2.768 Thread 0x000002315132f800 Uncommon trap: reason=profile_predicate action=maybe_recompile pc=0x000002315cbb93f8 method=java.util.Arrays$ArrayList.indexOf(Ljava/lang/Object;)I @ 39 c2
Event: 2.768 Thread 0x000002315132f800 DEOPT PACKING pc=0x000002315cbb93f8 sp=0x0000007fa24fc010
Event: 2.768 Thread 0x000002315132f800 DEOPT UNPACKING pc=0x0000023154e9a1af sp=0x0000007fa24fbfa8 mode 2
Event: 2.768 Thread 0x000002315132f800 Uncommon trap: trap_request=0xffffffbe fr.pc=0x000002315cbb93f8 relative=0x00000000000004b8
Event: 2.768 Thread 0x000002315132f800 Uncommon trap: reason=profile_predicate action=maybe_recompile pc=0x000002315cbb93f8 method=java.util.Arrays$ArrayList.indexOf(Ljava/lang/Object;)I @ 39 c2
Event: 2.768 Thread 0x000002315132f800 DEOPT PACKING pc=0x000002315cbb93f8 sp=0x0000007fa24fc430
Event: 2.768 Thread 0x000002315132f800 DEOPT UNPACKING pc=0x0000023154e9a1af sp=0x0000007fa24fc3c8 mode 2

Classes redefined (0 events):
No events

Internal exceptions (20 events):
Event: 0.910 Thread 0x000002315132f800 Exception <a 'java/lang/NoSuchMethodError'{0x000000072ebcae50}: 'java.lang.Object java.lang.invoke.DirectMethodHandle$Holder.invokeStatic(java.lang.Object, java.lang.Object, java.lang.Object, java.lang.Object, java.lang.Object, java.lang.Object, java.lang.Object, java.lang.Object, java.lang.Object, java.lang.Object, java.lang.Object, java.lang.Object, java.lang.Object, java.lang.Object, java.lang.Object)'> (0x000000072ebcae50) thrown at [./src/hotspot/share/interpreter/linkResolver.cpp, line 773]
Event: 0.911 Thread 0x000002315132f800 Exception <a 'java/lang/NoSuchMethodError'{0x000000072ebd8e58}: 'java.lang.Object java.lang.invoke.DirectMethodHandle$Holder.invokeStatic(java.lang.Object, java.lang.Object, java.lang.Object, java.lang.Object, java.lang.Object, java.lang.Object, java.lang.Object, java.lang.Object, java.lang.Object, java.lang.Object, java.lang.Object, java.lang.Object, java.lang.Object, java.lang.Object, java.lang.Object, java.lang.Object)'> (0x000000072ebd8e58) thrown at [./src/hotspot/share/interpreter/linkResolver.cpp, l
Event: 0.911 Thread 0x000002315132f800 Exception <a 'java/lang/NoSuchMethodError'{0x000000072ebe6d70}: 'java.lang.Object java.lang.invoke.DirectMethodHandle$Holder.invokeSpecial(java.lang.Object, java.lang.Object, int, int, java.lang.Object, java.lang.Object, java.lang.Object)'> (0x000000072ebe6d70) thrown at [./src/hotspot/share/interpreter/linkResolver.cpp, line 773]
Event: 0.912 Thread 0x000002315132f800 Exception <a 'java/lang/NoSuchMethodError'{0x000000072ebea5a8}: 'java.lang.Object java.lang.invoke.DelegatingMethodHandle$Holder.reinvoke_L(java.lang.Object, int, int, java.lang.Object, java.lang.Object, java.lang.Object)'> (0x000000072ebea5a8) thrown at [./src/hotspot/share/interpreter/linkResolver.cpp, line 773]
Event: 0.912 Thread 0x000002315132f800 Exception <a 'java/lang/NoSuchMethodError'{0x000000072ebee930}: 'java.lang.Object java.lang.invoke.DirectMethodHandle$Holder.invokeStatic(java.lang.Object, java.lang.Object, java.lang.Object, java.lang.Object, int)'> (0x000000072ebee930) thrown at [./src/hotspot/share/interpreter/linkResolver.cpp, line 773]
Event: 0.935 Thread 0x000002315132f800 Exception <a 'java/lang/NoSuchMethodError'{0x000000072e913610}: 'void java.lang.invoke.DirectMethodHandle$Holder.invokeStatic(java.lang.Object, java.lang.Object, java.lang.Object, java.lang.Object)'> (0x000000072e913610) thrown at [./src/hotspot/share/interpreter/linkResolver.cpp, line 773]
Event: 0.972 Thread 0x000002315132f800 Exception <a 'java/lang/NoSuchMethodError'{0x000000072e6f1998}: 'void java.lang.invoke.DirectMethodHandle$Holder.invokeStaticInit(java.lang.Object, java.lang.Object)'> (0x000000072e6f1998) thrown at [./src/hotspot/share/interpreter/linkResolver.cpp, line 773]
Event: 1.014 Thread 0x000002315132f800 Exception <a 'java/lang/NoSuchMethodError'{0x000000072e11b130}: 'void java.lang.invoke.DirectMethodHandle$Holder.invokeVirtual(java.lang.Object, java.lang.Object)'> (0x000000072e11b130) thrown at [./src/hotspot/share/interpreter/linkResolver.cpp, line 773]
Event: 1.020 Thread 0x000002315132f800 Exception <a 'java/lang/NoSuchMethodError'{0x000000072e1a4628}: 'int java.lang.invoke.DirectMethodHandle$Holder.invokeVirtual(java.lang.Object, java.lang.Object)'> (0x000000072e1a4628) thrown at [./src/hotspot/share/interpreter/linkResolver.cpp, line 773]
Event: 1.377 Thread 0x000002315132f800 Exception <a 'java/lang/NoSuchMethodError'{0x000000072f0274e0}: 'java.lang.Object java.lang.invoke.DirectMethodHandle$Holder.invokeVirtual(java.lang.Object, java.lang.Object, java.lang.Object)'> (0x000000072f0274e0) thrown at [./src/hotspot/share/interpreter/linkResolver.cpp, line 773]
Event: 1.753 Thread 0x000002315132f800 Exception <a 'java/lang/NoSuchMethodError'{0x000000072cd69b58}: 'java.lang.Object java.lang.invoke.Invokers$Holder.linkToTargetMethod(java.lang.Object, int, java.lang.Object)'> (0x000000072cd69b58) thrown at [./src/hotspot/share/interpreter/linkResolver.cpp, line 773]
Event: 1.784 Thread 0x000002315132f800 Exception <a 'java/lang/NoSuchMethodError'{0x000000072cb2b018}: 'java.lang.Object java.lang.invoke.DirectMethodHandle$Holder.invokeStatic(java.lang.Object, java.lang.Object, java.lang.Object, int)'> (0x000000072cb2b018) thrown at [./src/hotspot/share/interpreter/linkResolver.cpp, line 773]
Event: 1.785 Thread 0x000002315132f800 Exception <a 'java/lang/NoSuchMethodError'{0x000000072cb2ec88}: 'java.lang.Object java.lang.invoke.DirectMethodHandle$Holder.invokeSpecial(java.lang.Object, java.lang.Object, java.lang.Object, java.lang.Object, int)'> (0x000000072cb2ec88) thrown at [./src/hotspot/share/interpreter/linkResolver.cpp, line 773]
Event: 1.785 Thread 0x000002315132f800 Exception <a 'java/lang/NoSuchMethodError'{0x000000072cb31f98}: 'java.lang.Object java.lang.invoke.Invokers$Holder.linkToTargetMethod(java.lang.Object, java.lang.Object, int, java.lang.Object)'> (0x000000072cb31f98) thrown at [./src/hotspot/share/interpreter/linkResolver.cpp, line 773]
Event: 2.351 Thread 0x000002315132f800 Implicit null exception at 0x000002315caf5ad5 to 0x000002315caf6284
Event: 2.375 Thread 0x000002315132f800 Exception <a 'java/lang/NoSuchMethodError'{0x000000072c88f2f8}: 'int java.lang.invoke.DirectMethodHandle$Holder.invokeInterface(java.lang.Object, java.lang.Object)'> (0x000000072c88f2f8) thrown at [./src/hotspot/share/interpreter/linkResolver.cpp, line 773]
Event: 2.382 Thread 0x000002315132f800 Exception <a 'java/lang/NoSuchMethodError'{0x000000072c8d2928}: 'java.lang.Object java.lang.invoke.DirectMethodHandle$Holder.invokeStaticInit(java.lang.Object, java.lang.Object, java.lang.Object)'> (0x000000072c8d2928) thrown at [./src/hotspot/share/interpreter/linkResolver.cpp, line 773]
Event: 2.383 Thread 0x000002315132f800 Exception <a 'java/lang/NoSuchMethodError'{0x000000072c8e2438}: 'java.lang.Object java.lang.invoke.DirectMethodHandle$Holder.invokeStatic(java.lang.Object, int, java.lang.Object, java.lang.Object)'> (0x000000072c8e2438) thrown at [./src/hotspot/share/interpreter/linkResolver.cpp, line 773]
Event: 2.385 Thread 0x000002315132f800 Implicit null exception at 0x000002315c9c31f5 to 0x000002315c9c33c8
Event: 2.385 Thread 0x000002315132f800 Implicit null exception at 0x000002315c98ac2f to 0x000002315c98aca9

Events (20 events):
Event: 2.790 loading class org/jetbrains/kotlin/resolve/OverridingUtil$2 done
Event: 2.791 loading class org/jetbrains/kotlin/com/google/common/collect/Collections2
Event: 2.791 loading class org/jetbrains/kotlin/com/google/common/collect/Collections2 done
Event: 2.791 loading class org/jetbrains/kotlin/resolve/DescriptorToSourceUtils
Event: 2.791 loading class org/jetbrains/kotlin/resolve/DescriptorToSourceUtils done
Event: 2.792 loading class org/jetbrains/kotlin/descriptors/DeclarationDescriptorWithNavigationSubstitute
Event: 2.792 loading class org/jetbrains/kotlin/descriptors/DeclarationDescriptorWithNavigationSubstitute done
Event: 2.792 loading class org/jetbrains/kotlin/resolve/source/PsiSourceElementKt
Event: 2.792 loading class org/jetbrains/kotlin/resolve/source/PsiSourceElementKt done
Event: 2.792 loading class org/jetbrains/kotlin/resolve/OverrideResolver$checkOverrideForMember$1
Event: 2.792 loading class org/jetbrains/kotlin/resolve/OverrideResolver$checkOverrideForMember$1 done
Event: 2.792 loading class java/security/CodeSigner
Event: 2.792 loading class java/security/CodeSigner done
Event: 2.792 loading class org/jetbrains/kotlin/resolve/OverrideResolver$CheckOverrideReportForDeclaredMemberStrategy
Event: 2.792 loading class org/jetbrains/kotlin/resolve/OverrideResolver$CheckOverrideReportForDeclaredMemberStrategy done
Event: 2.793 loading class org/jetbrains/kotlin/resolve/OverrideResolver$checkOverrideForComponentFunction$1
Event: 2.793 loading class org/jetbrains/kotlin/resolve/OverrideResolver$checkOverrideForComponentFunction$1 done
Event: 2.793 loading class org/jetbrains/kotlin/resolve/OverrideResolver$CollectWarningInformationForInheritedMembersStrategy
Event: 2.793 loading class org/jetbrains/kotlin/resolve/OverrideResolver$CollectWarningInformationForInheritedMembersStrategy done
Event: 2.805 Executing VM operation: G1CollectForAllocation


Dynamic libraries:
0x00007ff74d060000 - 0x00007ff74d06a000 	C:\Program Files\Android\Android Studio\jre\bin\java.exe
0x00007fffb5b00000 - 0x00007fffb5d09000 	C:\Windows\SYSTEM32\ntdll.dll
0x00007fffb43f0000 - 0x00007fffb44ae000 	C:\Windows\System32\KERNEL32.DLL
0x00007fffb3600000 - 0x00007fffb397b000 	C:\Windows\System32\KERNELBASE.dll
0x00007fffb3110000 - 0x00007fffb3221000 	C:\Windows\System32\ucrtbase.dll
0x00007fff7d600000 - 0x00007fff7d619000 	C:\Program Files\Android\Android Studio\jre\bin\jli.dll
0x00007fff885c0000 - 0x00007fff885d7000 	C:\Program Files\Android\Android Studio\jre\bin\VCRUNTIME140.dll
0x00007fffb53e0000 - 0x00007fffb558d000 	C:\Windows\System32\USER32.dll
0x00007fff9f200000 - 0x00007fff9f4a5000 	C:\Windows\WinSxS\amd64_microsoft.windows.common-controls_6595b64144ccf1df_6.0.22000.120_none_9d947278b86cc467\COMCTL32.dll
0x00007fffb2fd0000 - 0x00007fffb2ff6000 	C:\Windows\System32\win32u.dll
0x00007fffb42d0000 - 0x00007fffb42f9000 	C:\Windows\System32\GDI32.dll
0x00007fffb4220000 - 0x00007fffb42c3000 	C:\Windows\System32\msvcrt.dll
0x00007fffb32b0000 - 0x00007fffb33c8000 	C:\Windows\System32\gdi32full.dll
0x00007fffb3000000 - 0x00007fffb309d000 	C:\Windows\System32\msvcp_win.dll
0x00007fffb3aa0000 - 0x00007fffb3ad2000 	C:\Windows\System32\IMM32.DLL
0x00007fff74a60000 - 0x00007fff74afd000 	C:\Program Files\Android\Android Studio\jre\bin\msvcp140.dll
0x00007fff75c00000 - 0x00007fff76702000 	C:\Program Files\Android\Android Studio\jre\bin\server\jvm.dll
0x00007fffb4060000 - 0x00007fffb410e000 	C:\Windows\System32\ADVAPI32.dll
0x00007fffb5340000 - 0x00007fffb53de000 	C:\Windows\System32\sechost.dll
0x00007fffb4f40000 - 0x00007fffb5060000 	C:\Windows\System32\RPCRT4.dll
0x00007fffb4110000 - 0x00007fffb4118000 	C:\Windows\System32\PSAPI.DLL
0x00007fffa4e40000 - 0x00007fffa4e49000 	C:\Windows\SYSTEM32\WSOCK32.dll
0x00007fffabeb0000 - 0x00007fffabee3000 	C:\Windows\SYSTEM32\WINMM.dll
0x00007fffabe50000 - 0x00007fffabe5a000 	C:\Windows\SYSTEM32\VERSION.dll
0x00007fffb3ae0000 - 0x00007fffb3b4f000 	C:\Windows\System32\WS2_32.dll
0x00007fffb1fb0000 - 0x00007fffb1fc8000 	C:\Windows\SYSTEM32\kernel.appcore.dll
0x00007fffa4e20000 - 0x00007fffa4e31000 	C:\Program Files\Android\Android Studio\jre\bin\verify.dll
0x00007fffa7390000 - 0x00007fffa75b1000 	C:\Windows\SYSTEM32\DBGHELP.DLL
0x00007fffa1190000 - 0x00007fffa11c1000 	C:\Windows\SYSTEM32\dbgcore.DLL
0x00007fffb3230000 - 0x00007fffb32af000 	C:\Windows\System32\bcryptPrimitives.dll
0x00007fffa4df0000 - 0x00007fffa4e19000 	C:\Program Files\Android\Android Studio\jre\bin\java.dll
0x00007fffafe60000 - 0x00007fffafe6b000 	C:\Program Files\Android\Android Studio\jre\bin\jimage.dll
0x00007fffa4dd0000 - 0x00007fffa4de8000 	C:\Program Files\Android\Android Studio\jre\bin\zip.dll
0x00007fffb4510000 - 0x00007fffb4cc8000 	C:\Windows\System32\SHELL32.dll
0x00007fffb1080000 - 0x00007fffb18e5000 	C:\Windows\SYSTEM32\windows.storage.dll
0x00007fffb56d0000 - 0x00007fffb5a48000 	C:\Windows\System32\combase.dll
0x00007fffb0f10000 - 0x00007fffb1076000 	C:\Windows\SYSTEM32\wintypes.dll
0x00007fffb5070000 - 0x00007fffb515a000 	C:\Windows\System32\SHCORE.dll
0x00007fffb5670000 - 0x00007fffb56cd000 	C:\Windows\System32\shlwapi.dll
0x00007fffb2f00000 - 0x00007fffb2f21000 	C:\Windows\SYSTEM32\profapi.dll
0x00007fffa4db0000 - 0x00007fffa4dca000 	C:\Program Files\Android\Android Studio\jre\bin\net.dll
0x00007fffad7f0000 - 0x00007fffad904000 	C:\Windows\SYSTEM32\WINHTTP.dll
0x00007fffb2520000 - 0x00007fffb2587000 	C:\Windows\system32\mswsock.dll
0x00007fffa4d90000 - 0x00007fffa4da4000 	C:\Program Files\Android\Android Studio\jre\bin\nio.dll

dbghelp: loaded successfully - version: 4.0.5 - missing functions: none
symbol engine: initialized successfully - sym options: 0x614 - pdb path: .;C:\Program Files\Android\Android Studio\jre\bin;C:\Windows\SYSTEM32;C:\Windows\WinSxS\amd64_microsoft.windows.common-controls_6595b64144ccf1df_6.0.22000.120_none_9d947278b86cc467;C:\Program Files\Android\Android Studio\jre\bin\server

VM Arguments:
java_command: org.jetbrains.kotlin.cli.jvm.K2JVMCompiler @C:\www\cotuca.unicamp.br\semesters\fourth\ds\mobile-mars\marte\app\build\20221205_14470922766860206322.compiler.options
java_class_path (initial): C:\Users\i\.gradle\caches\modules-2\files-2.1\org.jetbrains.kotlin\kotlin-compiler-embeddable\1.7.10\909803167c98606fcf22b4c848647c68e351d48d\kotlin-compiler-embeddable-1.7.10.jar;C:\Users\i\.gradle\caches\modules-2\files-2.1\org.jetbrains.kotlin\kotlin-reflect\1.7.10\165e600dfea6185cf5efa700756294cc4904dbeb\kotlin-reflect-1.7.10.jar;C:\Users\i\.gradle\caches\modules-2\files-2.1\org.jetbrains.kotlin\kotlin-stdlib\1.7.10\d2abf9e77736acc4450dc4a3f707fa2c10f5099d\kotlin-stdlib-1.7.10.jar;C:\Users\i\.gradle\caches\modules-2\files-2.1\org.jetbrains.kotlin\kotlin-script-runtime\1.7.10\c99c87a6988d8fd8d5142e9ed5c9f34a7cf561ee\kotlin-script-runtime-1.7.10.jar;C:\Users\i\.gradle\caches\modules-2\files-2.1\org.jetbrains.kotlin\kotlin-daemon-embeddable\1.7.10\3a9f7aef7080d3ae63126cbba4f827ed664f32fa\kotlin-daemon-embeddable-1.7.10.jar;C:\Users\i\.gradle\caches\modules-2\files-2.1\org.jetbrains.intellij.deps\trove4j\1.0.20200330\3afb14d5f9ceb459d724e907a21145e8ff394f02\trove4j-1.0.20200330.jar;C:\Users\i\.gradle\caches\modules-2\files-2.1\net.java.dev.jna\jna\5.6.0\330f2244e9030119ab3030fc3fededc86713d9cc\jna-5.6.0.jar;C:\Users\i\.gradle\caches\modules-2\files-2.1\org.jetbrains.kotlin\kotlin-stdlib-common\1.7.10\bac80c520d0a9e3f3673bc2658c6ed02ef45a76a\kotlin-stdlib-common-1.7.10.jar;C:\Users\i\.gradle\caches\modules-2\files-2.1\org.jetbrains\annotations\13.0\919f0dfe192fb4e063e7dacadee7f8bb9a2672a9\annotations-13.0.jar
Launcher Type: SUN_STANDARD

[Global flags]
     intx CICompilerCount                          = 4                                         {product} {ergonomic}
     uint ConcGCThreads                            = 3                                         {product} {ergonomic}
     uint G1ConcRefinementThreads                  = 10                                        {product} {ergonomic}
   size_t G1HeapRegionSize                         = 1048576                                   {product} {ergonomic}
    uintx GCDrainStackTargetSize                   = 64                                        {product} {ergonomic}
   size_t InitialHeapSize                          = 234881024                                 {product} {ergonomic}
   size_t MarkStackSize                            = 4194304                                   {product} {ergonomic}
   size_t MaxHeapSize                              = 3730833408                                {product} {ergonomic}
   size_t MaxNewSize                               = 2237661184                                {product} {ergonomic}
   size_t MinHeapDeltaBytes                        = 1048576                                   {product} {ergonomic}
    uintx NonNMethodCodeHeapSize                   = 5836300                                {pd product} {ergonomic}
    uintx NonProfiledCodeHeapSize                  = 122910970                              {pd product} {ergonomic}
    uintx ProfiledCodeHeapSize                     = 122910970                              {pd product} {ergonomic}
    uintx ReservedCodeCacheSize                    = 251658240                              {pd product} {ergonomic}
     bool SegmentedCodeCache                       = true                                      {product} {ergonomic}
     bool UseCompressedClassPointers               = true                                 {lp64_product} {ergonomic}
     bool UseCompressedOops                        = true                                 {lp64_product} {ergonomic}
     bool UseG1GC                                  = true                                      {product} {ergonomic}
     bool UseLargePagesIndividualAllocation        = false                                  {pd product} {ergonomic}

Logging:
Log output configuration:
 #0: stdout all=warning uptime,level,tags
 #1: stderr all=off uptime,level,tags

Environment Variables:
PATH=C:\Program Files (x86)\Common Files\Oracle\Java\javapath;C:\Windows\system32;C:\Windows;C:\Windows\System32\Wbem;C:\Windows\System32\WindowsPowerShell\v1.0\;C:\Program Files\Microsoft SQL Server\150\Tools\Binn\;C:\Program Files\Microsoft SQL Server\Client SDK\ODBC\170\Tools\Binn\;C:\Program Files\Git\cmd;C:\Program Files\Azure Data Studio\bin;C:\Program Files\nodejs\;C:\Program Files\Go\bin;C:\Program Files\dotnet\;C:\Program Files\RedHat\java-1.8.0-openjdk-1.8.0.352-2\bin;C:\Program Files\RedHat\java-1.8.0-openjdk-1.8.0.352-2\jre\bin;C:\Users\i\AppData\Local\Programs\Python\Python310\Scripts\;C:\Users\i\AppData\Local\Programs\Python\Python310\;C:\Users\i\AppData\Local\Microsoft\WindowsApps;C:\Users\i\AppData\Local\Programs\Microsoft VS Code\bin;C:\Users\i\.dotnet\tools;C:\Program Files\JetBrains\IntelliJ IDEA Community Edition 2022.1\bin;C:\Program Files\Azure Data Studio\bin;C:\Users\i\AppData\Roaming\npm;C:\Users\i\AppData\Local\JetBrains\Toolbox\scripts;C:\Users\i\go\bin;C:\Users\i\.dotnet\tools
USERNAME=i
OS=Windows_NT
PROCESSOR_IDENTIFIER=AMD64 Family 25 Model 80 Stepping 0, AuthenticAMD



---------------  S Y S T E M  ---------------

OS: Windows 11 , 64 bit Build 22000 (10.0.22000.1219)
OS uptime: 0 days 8:35 hours
Hyper-V role detected

CPU:total 12 (initial active 12) (12 cores per cpu, 2 threads per core) family 25 model 80 stepping 0 microcode 0x0, cmov, cx8, fxsr, mmx, sse, sse2, sse3, ssse3, sse4.1, sse4.2, popcnt, avx, avx2, aes, clmul, erms, mmxext, 3dnowpref, lzcnt, sse4a, ht, tsc, tscinvbit, tscinv, bmi1, bmi2, adx, sha, fma

Memory: 4k page, system-wide physical 14229M (2410M free)
TotalPageFile size 14229M (AvailPageFile size 43M)
current process WorkingSet (physical memory assigned to process): 305M, peak: 308M
current process commit charge ("private bytes"): 431M, peak: 479M

vm_info: OpenJDK 64-Bit Server VM (11.0.13+0-b1751.21-8125866) for windows-amd64 JRE (11.0.13+0-b1751.21-8125866), built on Feb  2 2022 03:00:22 by "builder" with MS VC++ 14.0 (VS2015)

END.
