#
# There is insufficient memory for the Java Runtime Environment to continue.
# Native memory allocation (mmap) failed to map 234881024 bytes for Failed to commit area from 0x0000000721a00000 to 0x000000072fa00000 of length 234881024.
# Possible reasons:
#   The system is out of physical RAM or swap space
#   The process is running with CompressedOops enabled, and the Java Heap may be blocking the growth of the native heap
# Possible solutions:
#   Reduce memory load on the system
#   Increase physical memory or swap space
#   Check if swap backing store is full
#   Decrease Java heap size (-Xmx/-Xms)
#   Decrease number of Java threads
#   Decrease Java thread stack sizes (-Xss)
#   Set larger code cache with -XX:ReservedCodeCacheSize=
# This output file may be truncated or incomplete.
#
#  Out of Memory Error (./src/hotspot/os/windows/os_windows.cpp:3619), pid=6180, tid=1576
#
# JRE version:  (11.0.13) (build )
# Java VM: OpenJDK 64-Bit Server VM (11.0.13+0-b1751.21-8125866, mixed mode, sharing, tiered, compressed oops, g1 gc, windows-amd64)
# No core dump will be written. Minidumps are not enabled by default on client versions of Windows
#

---------------  S U M M A R Y ------------

Command Line: org.jetbrains.kotlin.cli.jvm.K2JVMCompiler @C:\www\cotuca.unicamp.br\semesters\fourth\ds\mobile-mars\marte\app\build\20221205_1140629016572006724.compiler.options

Host: AMD Ryzen 5 5600G with Radeon Graphics         , 12 cores, 13G,  Windows 11 , 64 bit Build 22000 (10.0.22000.1219)
Time: Mon Dec  5 21:03:52 2022 E. South America Standard Time elapsed time: 0.007178 seconds (0d 0h 0m 0s)

---------------  T H R E A D  ---------------

Current thread (0x000002362112f000):  JavaThread "Unknown thread" [_thread_in_vm, id=1576, stack(0x00000075f3300000,0x00000075f3400000)]

Stack: [0x00000075f3300000,0x00000075f3400000]
Native frames: (J=compiled Java code, j=interpreted, Vv=VM code, C=native code)
V  [jvm.dll+0x6100fa]
V  [jvm.dll+0x747090]
V  [jvm.dll+0x7486ad]
V  [jvm.dll+0x748d83]
V  [jvm.dll+0x24ab48]
V  [jvm.dll+0x60d164]
V  [jvm.dll+0x601e75]
V  [jvm.dll+0x308bdb]
V  [jvm.dll+0x308b4a]
V  [jvm.dll+0x308a22]
V  [jvm.dll+0x30d986]
V  [jvm.dll+0x357093]
V  [jvm.dll+0x357796]
V  [jvm.dll+0x357193]
V  [jvm.dll+0x2e3448]
V  [jvm.dll+0x2e45f7]
V  [jvm.dll+0x7242e7]
V  [jvm.dll+0x725adc]
V  [jvm.dll+0x364629]
V  [jvm.dll+0x707cee]
V  [jvm.dll+0x3d2633]
V  [jvm.dll+0x3d4a21]
C  [jli.dll+0x536b]
C  [ucrtbase.dll+0x26c0c]
C  [KERNEL32.DLL+0x15550]
C  [ntdll.dll+0x485b]


---------------  P R O C E S S  ---------------

Threads class SMR info:
_java_thread_list=0x000002361f003b30, length=0, elements={
}

Java Threads: ( => current thread )

Other Threads:
  0x0000023621146800 GCTaskThread "GC Thread#0" [stack: 0x00000075f3400000,0x00000075f3500000] [id=12572]
  0x0000023621199000 ConcurrentGCThread "G1 Main Marker" [stack: 0x00000075f3500000,0x00000075f3600000] [id=7416]
  0x000002362119b000 ConcurrentGCThread "G1 Conc#0" [stack: 0x00000075f3600000,0x00000075f3700000] [id=7076]

[error occurred during error reporting (printing all threads), id 0xc0000005, EXCEPTION_ACCESS_VIOLATION (0xc0000005) at pc=0x00007fff75ef3dd7]

VM state:not at safepoint (not fully initialized)

VM Mutex/Monitor currently owned by a thread:  ([mutex/lock_event])
[0x000002362112ac70] Heap_lock - owner thread: 0x000002362112f000

Heap address: 0x0000000721a00000, size: 3558 MB, Compressed Oops mode: Non-zero based: 0x0000000721a00000
Narrow klass base: 0x0000000000000000, Narrow klass shift: 0

GC Heap History (0 events):
No events

Deoptimization events (0 events):
No events

Classes redefined (0 events):
No events

Internal exceptions (0 events):
No events

Events (1 events):
Event: 0.004 Loaded shared library C:\Program Files\Android\Android Studio\jre\bin\zip.dll


Dynamic libraries:
0x00007ff74d060000 - 0x00007ff74d06a000 	C:\Program Files\Android\Android Studio\jre\bin\java.exe
0x00007fffb5b00000 - 0x00007fffb5d09000 	C:\Windows\SYSTEM32\ntdll.dll
0x00007fffb43f0000 - 0x00007fffb44ae000 	C:\Windows\System32\KERNEL32.DLL
0x00007fffb3600000 - 0x00007fffb397b000 	C:\Windows\System32\KERNELBASE.dll
0x00007fffb3110000 - 0x00007fffb3221000 	C:\Windows\System32\ucrtbase.dll
0x00007fff7d600000 - 0x00007fff7d619000 	C:\Program Files\Android\Android Studio\jre\bin\jli.dll
0x00007fff885c0000 - 0x00007fff885d7000 	C:\Program Files\Android\Android Studio\jre\bin\VCRUNTIME140.dll
0x00007fffb53e0000 - 0x00007fffb558d000 	C:\Windows\System32\USER32.dll
0x00007fff9f200000 - 0x00007fff9f4a5000 	C:\Windows\WinSxS\amd64_microsoft.windows.common-controls_6595b64144ccf1df_6.0.22000.120_none_9d947278b86cc467\COMCTL32.dll
0x00007fffb2fd0000 - 0x00007fffb2ff6000 	C:\Windows\System32\win32u.dll
0x00007fffb4220000 - 0x00007fffb42c3000 	C:\Windows\System32\msvcrt.dll
0x00007fffb42d0000 - 0x00007fffb42f9000 	C:\Windows\System32\GDI32.dll
0x00007fffb32b0000 - 0x00007fffb33c8000 	C:\Windows\System32\gdi32full.dll
0x00007fffb3000000 - 0x00007fffb309d000 	C:\Windows\System32\msvcp_win.dll
0x00007fffb3aa0000 - 0x00007fffb3ad2000 	C:\Windows\System32\IMM32.DLL
0x00007fff74a60000 - 0x00007fff74afd000 	C:\Program Files\Android\Android Studio\jre\bin\msvcp140.dll
0x00007fff75c00000 - 0x00007fff76702000 	C:\Program Files\Android\Android Studio\jre\bin\server\jvm.dll
0x00007fffb4060000 - 0x00007fffb410e000 	C:\Windows\System32\ADVAPI32.dll
0x00007fffb5340000 - 0x00007fffb53de000 	C:\Windows\System32\sechost.dll
0x00007fffb4f40000 - 0x00007fffb5060000 	C:\Windows\System32\RPCRT4.dll
0x00007fffb4110000 - 0x00007fffb4118000 	C:\Windows\System32\PSAPI.DLL
0x00007fffa4e40000 - 0x00007fffa4e49000 	C:\Windows\SYSTEM32\WSOCK32.dll
0x00007fffabe50000 - 0x00007fffabe5a000 	C:\Windows\SYSTEM32\VERSION.dll
0x00007fffabeb0000 - 0x00007fffabee3000 	C:\Windows\SYSTEM32\WINMM.dll
0x00007fffb3ae0000 - 0x00007fffb3b4f000 	C:\Windows\System32\WS2_32.dll
0x00007fffb1fb0000 - 0x00007fffb1fc8000 	C:\Windows\SYSTEM32\kernel.appcore.dll
0x00007fffa4e20000 - 0x00007fffa4e31000 	C:\Program Files\Android\Android Studio\jre\bin\verify.dll
0x00007fffa7390000 - 0x00007fffa75b1000 	C:\Windows\SYSTEM32\DBGHELP.DLL
0x00007fffa1190000 - 0x00007fffa11c1000 	C:\Windows\SYSTEM32\dbgcore.DLL
0x00007fffb3230000 - 0x00007fffb32af000 	C:\Windows\System32\bcryptPrimitives.dll
0x00007fffa4df0000 - 0x00007fffa4e19000 	C:\Program Files\Android\Android Studio\jre\bin\java.dll
0x00007fffafe60000 - 0x00007fffafe6b000 	C:\Program Files\Android\Android Studio\jre\bin\jimage.dll
0x00007fffa4dd0000 - 0x00007fffa4de8000 	C:\Program Files\Android\Android Studio\jre\bin\zip.dll

dbghelp: loaded successfully - version: 4.0.5 - missing functions: none
symbol engine: initialized successfully - sym options: 0x614 - pdb path: .;C:\Program Files\Android\Android Studio\jre\bin;C:\Windows\SYSTEM32;C:\Windows\WinSxS\amd64_microsoft.windows.common-controls_6595b64144ccf1df_6.0.22000.120_none_9d947278b86cc467;C:\Program Files\Android\Android Studio\jre\bin\server

VM Arguments:
java_command: org.jetbrains.kotlin.cli.jvm.K2JVMCompiler @C:\www\cotuca.unicamp.br\semesters\fourth\ds\mobile-mars\marte\app\build\20221205_1140629016572006724.compiler.options
java_class_path (initial): C:\Users\i\.gradle\caches\modules-2\files-2.1\org.jetbrains.kotlin\kotlin-compiler-embeddable\1.7.10\909803167c98606fcf22b4c848647c68e351d48d\kotlin-compiler-embeddable-1.7.10.jar;C:\Users\i\.gradle\caches\modules-2\files-2.1\org.jetbrains.kotlin\kotlin-reflect\1.7.10\165e600dfea6185cf5efa700756294cc4904dbeb\kotlin-reflect-1.7.10.jar;C:\Users\i\.gradle\caches\modules-2\files-2.1\org.jetbrains.kotlin\kotlin-stdlib\1.7.10\d2abf9e77736acc4450dc4a3f707fa2c10f5099d\kotlin-stdlib-1.7.10.jar;C:\Users\i\.gradle\caches\modules-2\files-2.1\org.jetbrains.kotlin\kotlin-script-runtime\1.7.10\c99c87a6988d8fd8d5142e9ed5c9f34a7cf561ee\kotlin-script-runtime-1.7.10.jar;C:\Users\i\.gradle\caches\modules-2\files-2.1\org.jetbrains.kotlin\kotlin-daemon-embeddable\1.7.10\3a9f7aef7080d3ae63126cbba4f827ed664f32fa\kotlin-daemon-embeddable-1.7.10.jar;C:\Users\i\.gradle\caches\modules-2\files-2.1\org.jetbrains.intellij.deps\trove4j\1.0.20200330\3afb14d5f9ceb459d724e907a21145e8ff394f02\trove4j-1.0.20200330.jar;C:\Users\i\.gradle\caches\modules-2\files-2.1\net.java.dev.jna\jna\5.6.0\330f2244e9030119ab3030fc3fededc86713d9cc\jna-5.6.0.jar;C:\Users\i\.gradle\caches\modules-2\files-2.1\org.jetbrains.kotlin\kotlin-stdlib-common\1.7.10\bac80c520d0a9e3f3673bc2658c6ed02ef45a76a\kotlin-stdlib-common-1.7.10.jar;C:\Users\i\.gradle\caches\modules-2\files-2.1\org.jetbrains\annotations\13.0\919f0dfe192fb4e063e7dacadee7f8bb9a2672a9\annotations-13.0.jar
Launcher Type: SUN_STANDARD

[Global flags]
     intx CICompilerCount                          = 4                                         {product} {ergonomic}
     uint ConcGCThreads                            = 3                                         {product} {ergonomic}
     uint G1ConcRefinementThreads                  = 10                                        {product} {ergonomic}
   size_t G1HeapRegionSize                         = 1048576                                   {product} {ergonomic}
    uintx GCDrainStackTargetSize                   = 64                                        {product} {ergonomic}
   size_t InitialHeapSize                          = 234881024                                 {product} {ergonomic}
   size_t MarkStackSize                            = 4194304                                   {product} {ergonomic}
   size_t MaxHeapSize                              = 3730833408                                {product} {ergonomic}
   size_t MinHeapDeltaBytes                        = 1048576                                   {product} {ergonomic}
    uintx NonNMethodCodeHeapSize                   = 5836300                                {pd product} {ergonomic}
    uintx NonProfiledCodeHeapSize                  = 122910970                              {pd product} {ergonomic}
    uintx ProfiledCodeHeapSize                     = 122910970                              {pd product} {ergonomic}
    uintx ReservedCodeCacheSize                    = 251658240                              {pd product} {ergonomic}
     bool SegmentedCodeCache                       = true                                      {product} {ergonomic}
     bool UseCompressedClassPointers               = true                                 {lp64_product} {ergonomic}
     bool UseCompressedOops                        = true                                 {lp64_product} {ergonomic}
     bool UseG1GC                                  = true                                      {product} {ergonomic}
     bool UseLargePagesIndividualAllocation        = false                                  {pd product} {ergonomic}

Logging:
Log output configuration:
 #0: stdout all=warning uptime,level,tags
 #1: stderr all=off uptime,level,tags

Environment Variables:
PATH=C:\Program Files (x86)\Common Files\Oracle\Java\javapath;C:\Windows\system32;C:\Windows;C:\Windows\System32\Wbem;C:\Windows\System32\WindowsPowerShell\v1.0\;C:\Program Files\Microsoft SQL Server\150\Tools\Binn\;C:\Program Files\Microsoft SQL Server\Client SDK\ODBC\170\Tools\Binn\;C:\Program Files\Git\cmd;C:\Program Files\Azure Data Studio\bin;C:\Program Files\nodejs\;C:\Program Files\Go\bin;C:\Program Files\dotnet\;C:\Program Files\RedHat\java-1.8.0-openjdk-1.8.0.352-2\bin;C:\Program Files\RedHat\java-1.8.0-openjdk-1.8.0.352-2\jre\bin;C:\Users\i\AppData\Local\Programs\Python\Python310\Scripts\;C:\Users\i\AppData\Local\Programs\Python\Python310\;C:\Users\i\AppData\Local\Microsoft\WindowsApps;C:\Users\i\AppData\Local\Programs\Microsoft VS Code\bin;C:\Users\i\.dotnet\tools;C:\Program Files\JetBrains\IntelliJ IDEA Community Edition 2022.1\bin;C:\Program Files\Azure Data Studio\bin;C:\Users\i\AppData\Roaming\npm;C:\Users\i\AppData\Local\JetBrains\Toolbox\scripts;C:\Users\i\go\bin;C:\Users\i\.dotnet\tools
USERNAME=i
OS=Windows_NT
PROCESSOR_IDENTIFIER=AMD64 Family 25 Model 80 Stepping 0, AuthenticAMD



---------------  S Y S T E M  ---------------

OS: Windows 11 , 64 bit Build 22000 (10.0.22000.1219)
OS uptime: 0 days 8:36 hours
Hyper-V role detected

CPU:total 12 (initial active 12) (12 cores per cpu, 2 threads per core) family 25 model 80 stepping 0 microcode 0x0, cmov, cx8, fxsr, mmx, sse, sse2, sse3, ssse3, sse4.1, sse4.2, popcnt, avx, avx2, aes, clmul, erms, mmxext, 3dnowpref, lzcnt, sse4a, ht, tsc, tscinvbit, tscinv, bmi1, bmi2, adx, sha, fma

Memory: 4k page, system-wide physical 14229M (2425M free)
TotalPageFile size 14229M (AvailPageFile size 121M)
current process WorkingSet (physical memory assigned to process): 10M, peak: 10M
current process commit charge ("private bytes"): 64M, peak: 288M

vm_info: OpenJDK 64-Bit Server VM (11.0.13+0-b1751.21-8125866) for windows-amd64 JRE (11.0.13+0-b1751.21-8125866), built on Feb  2 2022 03:00:22 by "builder" with MS VC++ 14.0 (VS2015)

END.
